{"/Users/macbook/Projects/cv_my/ui/store.ts": {"path":"/Users/macbook/Projects/cv_my/ui/store.ts","statementMap":{"0":{"start":{"line":7,"column":13},"end":{"line":7,"column":24}},"1":{"start":{"line":13,"column":13},"end":{"line":13,"column":18}},"2":{"start":{"line":1,"column":31},"end":{"line":1,"column":null}},"3":{"start":{"line":3,"column":26},"end":{"line":3,"column":null}},"4":{"start":{"line":4,"column":26},"end":{"line":4,"column":null}},"5":{"start":{"line":5,"column":27},"end":{"line":5,"column":null}},"6":{"start":{"line":7,"column":27},"end":{"line":11,"column":null}},"7":{"start":{"line":13,"column":21},"end":{"line":15,"column":null}}},"fnMap":{"0":{"name":"(anonymous_1)","decl":{"start":{"line":7,"column":24},"end":{"line":7,"column":27}},"loc":{"start":{"line":7,"column":13},"end":{"line":7,"column":24}}},"1":{"name":"(anonymous_2)","decl":{"start":{"line":13,"column":18},"end":{"line":13,"column":21}},"loc":{"start":{"line":13,"column":13},"end":{"line":13,"column":18}}}},"branchMap":{},"s":{"0":3,"1":0,"2":1,"3":1,"4":1,"5":1,"6":1,"7":1},"f":{"0":3,"1":0},"b":{}}
,"/Users/macbook/Projects/cv_my/ui/test-utils.tsx": {"path":"/Users/macbook/Projects/cv_my/ui/test-utils.tsx","statementMap":{"0":{"start":{"line":45,"column":9},"end":{"line":45,"column":25}},"1":{"start":{"line":45,"column":33},"end":{"line":45,"column":43}},"2":{"start":{"line":2,"column":31},"end":{"line":2,"column":null}},"3":{"start":{"line":3,"column":25},"end":{"line":3,"column":null}},"4":{"start":{"line":4,"column":38},"end":{"line":4,"column":null}},"5":{"start":{"line":5,"column":30},"end":{"line":5,"column":null}},"6":{"start":{"line":7,"column":39},"end":{"line":7,"column":null}},"7":{"start":{"line":8,"column":23},"end":{"line":8,"column":null}},"8":{"start":{"line":9,"column":23},"end":{"line":9,"column":null}},"9":{"start":{"line":13,"column":21},"end":{"line":25,"column":null}},"10":{"start":{"line":17,"column":16},"end":{"line":17,"column":null}},"11":{"start":{"line":24,"column":2},"end":{"line":24,"column":null}},"12":{"start":{"line":27,"column":19},"end":{"line":39,"column":null}},"13":{"start":{"line":31,"column":16},"end":{"line":31,"column":null}},"14":{"start":{"line":38,"column":2},"end":{"line":38,"column":null}}},"fnMap":{"0":{"name":"(anonymous_1)","decl":{"start":{"line":45,"column":31},"end":{"line":45,"column":33}},"loc":{"start":{"line":45,"column":9},"end":{"line":45,"column":25}}},"1":{"name":"(anonymous_2)","decl":{"start":{"line":45,"column":43},"end":{"line":45,"column":null}},"loc":{"start":{"line":45,"column":33},"end":{"line":45,"column":43}}},"2":{"name":"(anonymous_6)","decl":{"start":{"line":13,"column":21},"end":{"line":13,"column":null}},"loc":{"start":{"line":16,"column":5},"end":{"line":25,"column":null}}},"3":{"name":"(anonymous_8)","decl":{"start":{"line":27,"column":19},"end":{"line":27,"column":null}},"loc":{"start":{"line":30,"column":5},"end":{"line":39,"column":null}}}},"branchMap":{"0":{"loc":{"start":{"line":15,"column":2},"end":{"line":15,"column":46}},"type":"default-arg","locations":[{"start":{"line":15,"column":44},"end":{"line":15,"column":46}}]},"1":{"loc":{"start":{"line":29,"column":2},"end":{"line":29,"column":46}},"type":"default-arg","locations":[{"start":{"line":29,"column":44},"end":{"line":29,"column":46}}]}},"s":{"0":0,"1":3,"2":1,"3":1,"4":1,"5":1,"6":1,"7":1,"8":1,"9":1,"10":0,"11":0,"12":1,"13":3,"14":3},"f":{"0":0,"1":3,"2":0,"3":3},"b":{"0":[0],"1":[0]}}
,"/Users/macbook/Projects/cv_my/ui/api/apiServices.ts": {"path":"/Users/macbook/Projects/cv_my/ui/api/apiServices.ts","statementMap":{"0":{"start":{"line":46,"column":13},"end":{"line":46,"column":null}},"1":{"start":{"line":14,"column":15},"end":{"line":14,"column":null}},"2":{"start":{"line":23,"column":16},"end":{"line":23,"column":54}},"3":{"start":{"line":24,"column":15},"end":{"line":24,"column":null}},"4":{"start":{"line":25,"column":16},"end":{"line":25,"column":null}},"5":{"start":{"line":33,"column":25},"end":{"line":44,"column":null}},"6":{"start":{"line":38,"column":4},"end":{"line":43,"column":null}},"7":{"start":{"line":41,"column":12},"end":{"line":41,"column":null}},"8":{"start":{"line":41,"column":29},"end":{"line":41,"column":73}},"9":{"start":{"line":48,"column":8},"end":{"line":50,"column":null}},"10":{"start":{"line":54,"column":8},"end":{"line":56,"column":null}},"11":{"start":{"line":61,"column":8},"end":{"line":62,"column":null}},"12":{"start":{"line":67,"column":8},"end":{"line":68,"column":null}},"13":{"start":{"line":72,"column":8},"end":{"line":72,"column":null}},"14":{"start":{"line":73,"column":8},"end":{"line":76,"column":null}},"15":{"start":{"line":81,"column":8},"end":{"line":85,"column":null}},"16":{"start":{"line":90,"column":8},"end":{"line":92,"column":null}},"17":{"start":{"line":100,"column":22},"end":{"line":125,"column":null}},"18":{"start":{"line":130,"column":20},"end":{"line":137,"column":null}},"19":{"start":{"line":139,"column":8},"end":{"line":145,"column":9}},"20":{"start":{"line":140,"column":45},"end":{"line":140,"column":null}},"21":{"start":{"line":142,"column":12},"end":{"line":142,"column":null}},"22":{"start":{"line":144,"column":12},"end":{"line":144,"column":null}},"23":{"start":{"line":152,"column":22},"end":{"line":167,"column":null}},"24":{"start":{"line":170,"column":20},"end":{"line":177,"column":null}},"25":{"start":{"line":179,"column":8},"end":{"line":185,"column":9}},"26":{"start":{"line":180,"column":43},"end":{"line":180,"column":null}},"27":{"start":{"line":182,"column":12},"end":{"line":182,"column":null}},"28":{"start":{"line":184,"column":12},"end":{"line":184,"column":null}},"29":{"start":{"line":195,"column":21},"end":{"line":197,"column":25}},"30":{"start":{"line":198,"column":31},"end":{"line":198,"column":null}},"31":{"start":{"line":200,"column":39},"end":{"line":203,"column":null}},"32":{"start":{"line":205,"column":8},"end":{"line":207,"column":9}},"33":{"start":{"line":206,"column":12},"end":{"line":206,"column":null}},"34":{"start":{"line":209,"column":25},"end":{"line":216,"column":null}},"35":{"start":{"line":219,"column":8},"end":{"line":225,"column":9}},"36":{"start":{"line":220,"column":28},"end":{"line":220,"column":null}},"37":{"start":{"line":221,"column":12},"end":{"line":221,"column":null}},"38":{"start":{"line":223,"column":12},"end":{"line":223,"column":null}},"39":{"start":{"line":224,"column":12},"end":{"line":224,"column":33}}},"fnMap":{"0":{"name":"(anonymous_0)","decl":{"start":{"line":46,"column":13},"end":{"line":46,"column":null}},"loc":{"start":{"line":46,"column":13},"end":{"line":46,"column":null}}},"1":{"name":"(anonymous_2)","decl":{"start":{"line":33,"column":25},"end":{"line":33,"column":null}},"loc":{"start":{"line":37,"column":19},"end":{"line":44,"column":null}}},"2":{"name":"(anonymous_3)","decl":{"start":{"line":40,"column":20},"end":{"line":40,"column":21}},"loc":{"start":{"line":41,"column":12},"end":{"line":41,"column":null}}},"3":{"name":"(anonymous_4)","decl":{"start":{"line":41,"column":23},"end":{"line":41,"column":29}},"loc":{"start":{"line":41,"column":29},"end":{"line":41,"column":73}}},"4":{"name":"(anonymous_5)","decl":{"start":{"line":47,"column":11},"end":{"line":47,"column":25}},"loc":{"start":{"line":47,"column":51},"end":{"line":52,"column":null}}},"5":{"name":"(anonymous_6)","decl":{"start":{"line":53,"column":11},"end":{"line":53,"column":39}},"loc":{"start":{"line":53,"column":39},"end":{"line":58,"column":null}}},"6":{"name":"(anonymous_7)","decl":{"start":{"line":60,"column":11},"end":{"line":60,"column":38}},"loc":{"start":{"line":60,"column":38},"end":{"line":64,"column":null}}},"7":{"name":"(anonymous_8)","decl":{"start":{"line":66,"column":11},"end":{"line":66,"column":36}},"loc":{"start":{"line":66,"column":36},"end":{"line":70,"column":null}}},"8":{"name":"(anonymous_9)","decl":{"start":{"line":71,"column":11},"end":{"line":71,"column":28}},"loc":{"start":{"line":71,"column":56},"end":{"line":78,"column":null}}},"9":{"name":"(anonymous_10)","decl":{"start":{"line":80,"column":11},"end":{"line":80,"column":20}},"loc":{"start":{"line":80,"column":48},"end":{"line":87,"column":null}}},"10":{"name":"(anonymous_11)","decl":{"start":{"line":89,"column":11},"end":{"line":89,"column":36}},"loc":{"start":{"line":89,"column":36},"end":{"line":94,"column":null}}},"11":{"name":"(anonymous_12)","decl":{"start":{"line":98,"column":4},"end":{"line":98,"column":17}},"loc":{"start":{"line":98,"column":69},"end":{"line":148,"column":null}}},"12":{"name":"(anonymous_13)","decl":{"start":{"line":150,"column":4},"end":{"line":150,"column":17}},"loc":{"start":{"line":150,"column":71},"end":{"line":186,"column":null}}},"13":{"name":"(anonymous_14)","decl":{"start":{"line":189,"column":4},"end":{"line":189,"column":18}},"loc":{"start":{"line":194,"column":26},"end":{"line":226,"column":null}}}},"branchMap":{"0":{"loc":{"start":{"line":139,"column":8},"end":{"line":145,"column":9}},"type":"if","locations":[{"start":{"line":139,"column":8},"end":{"line":145,"column":9}},{"start":{"line":143,"column":15},"end":{"line":145,"column":9}}]},"1":{"loc":{"start":{"line":140,"column":45},"end":{"line":140,"column":null}},"type":"binary-expr","locations":[{"start":{"line":140,"column":45},"end":{"line":140,"column":52}},{"start":{"line":140,"column":52},"end":{"line":140,"column":null}}]},"2":{"loc":{"start":{"line":179,"column":8},"end":{"line":185,"column":9}},"type":"if","locations":[{"start":{"line":179,"column":8},"end":{"line":185,"column":9}},{"start":{"line":183,"column":15},"end":{"line":185,"column":9}}]},"3":{"loc":{"start":{"line":180,"column":43},"end":{"line":180,"column":null}},"type":"binary-expr","locations":[{"start":{"line":180,"column":43},"end":{"line":180,"column":50}},{"start":{"line":180,"column":50},"end":{"line":180,"column":null}}]},"4":{"loc":{"start":{"line":195,"column":21},"end":{"line":197,"column":25}},"type":"cond-expr","locations":[{"start":{"line":196,"column":14},"end":{"line":196,"column":null}},{"start":{"line":197,"column":14},"end":{"line":197,"column":25}}]},"5":{"loc":{"start":{"line":198,"column":31},"end":{"line":198,"column":null}},"type":"binary-expr","locations":[{"start":{"line":198,"column":31},"end":{"line":198,"column":48}},{"start":{"line":198,"column":48},"end":{"line":198,"column":null}}]},"6":{"loc":{"start":{"line":205,"column":8},"end":{"line":207,"column":9}},"type":"if","locations":[{"start":{"line":205,"column":8},"end":{"line":207,"column":9}}]},"7":{"loc":{"start":{"line":219,"column":8},"end":{"line":225,"column":9}},"type":"if","locations":[{"start":{"line":219,"column":8},"end":{"line":225,"column":9}},{"start":{"line":222,"column":15},"end":{"line":225,"column":9}}]}},"s":{"0":0,"1":1,"2":1,"3":1,"4":1,"5":1,"6":0,"7":0,"8":0,"9":0,"10":0,"11":0,"12":0,"13":0,"14":0,"15":0,"16":0,"17":0,"18":0,"19":0,"20":0,"21":0,"22":0,"23":0,"24":0,"25":0,"26":0,"27":0,"28":0,"29":0,"30":0,"31":0,"32":0,"33":0,"34":0,"35":0,"36":0,"37":0,"38":0,"39":0},"f":{"0":0,"1":0,"2":0,"3":0,"4":0,"5":0,"6":0,"7":0,"8":0,"9":0,"10":0,"11":0,"12":0,"13":0},"b":{"0":[0,0],"1":[0,0],"2":[0,0],"3":[0,0],"4":[0,0],"5":[0,0],"6":[0],"7":[0,0]}}
,"/Users/macbook/Projects/cv_my/ui/components/ImageLoader.ts": {"path":"/Users/macbook/Projects/cv_my/ui/components/ImageLoader.ts","statementMap":{"0":{"start":{"line":3,"column":13},"end":{"line":3,"column":40}},"1":{"start":{"line":3,"column":40},"end":{"line":5,"column":null}},"2":{"start":{"line":4,"column":4},"end":{"line":4,"column":null}}},"fnMap":{"0":{"name":"(anonymous_0)","decl":{"start":{"line":3,"column":13},"end":{"line":3,"column":40}},"loc":{"start":{"line":3,"column":13},"end":{"line":3,"column":40}}},"1":{"name":"(anonymous_1)","decl":{"start":{"line":3,"column":40},"end":{"line":3,"column":41}},"loc":{"start":{"line":3,"column":77},"end":{"line":5,"column":null}}}},"branchMap":{},"s":{"0":0,"1":1,"2":0},"f":{"0":0,"1":0},"b":{}}
,"/Users/macbook/Projects/cv_my/ui/components/styles.ts": {"path":"/Users/macbook/Projects/cv_my/ui/components/styles.ts","statementMap":{"0":{"start":{"line":5,"column":13},"end":{"line":5,"column":22}},"1":{"start":{"line":17,"column":13},"end":{"line":17,"column":25}},"2":{"start":{"line":21,"column":13},"end":{"line":21,"column":23}},"3":{"start":{"line":1,"column":20},"end":{"line":1,"column":null}},"4":{"start":{"line":5,"column":25},"end":{"line":15,"column":null}},"5":{"start":{"line":10,"column":19},"end":{"line":10,"column":39}},"6":{"start":{"line":11,"column":2},"end":{"line":14,"column":null}},"7":{"start":{"line":17,"column":28},"end":{"line":19,"column":1}},"8":{"start":{"line":21,"column":26},"end":{"line":24,"column":3}},"9":{"start":{"line":22,"column":2},"end":{"line":24,"column":3}}},"fnMap":{"0":{"name":"(anonymous_1)","decl":{"start":{"line":5,"column":22},"end":{"line":5,"column":25}},"loc":{"start":{"line":5,"column":13},"end":{"line":5,"column":22}}},"1":{"name":"(anonymous_2)","decl":{"start":{"line":17,"column":25},"end":{"line":17,"column":28}},"loc":{"start":{"line":17,"column":13},"end":{"line":17,"column":25}}},"2":{"name":"(anonymous_3)","decl":{"start":{"line":21,"column":23},"end":{"line":21,"column":26}},"loc":{"start":{"line":21,"column":13},"end":{"line":21,"column":23}}},"3":{"name":"(anonymous_4)","decl":{"start":{"line":5,"column":25},"end":{"line":5,"column":null}},"loc":{"start":{"line":9,"column":5},"end":{"line":15,"column":null}}},"4":{"name":"(anonymous_5)","decl":{"start":{"line":21,"column":26},"end":{"line":21,"column":null}},"loc":{"start":{"line":22,"column":2},"end":{"line":24,"column":3}}}},"branchMap":{"0":{"loc":{"start":{"line":8,"column":2},"end":{"line":8,"column":15}},"type":"default-arg","locations":[{"start":{"line":8,"column":10},"end":{"line":8,"column":15}}]},"1":{"loc":{"start":{"line":10,"column":19},"end":{"line":10,"column":39}},"type":"cond-expr","locations":[{"start":{"line":10,"column":27},"end":{"line":10,"column":37}},{"start":{"line":10,"column":37},"end":{"line":10,"column":39}}]}},"s":{"0":128,"1":2,"2":2,"3":1,"4":1,"5":128,"6":128,"7":1,"8":1,"9":2},"f":{"0":128,"1":2,"2":2,"3":128,"4":2},"b":{"0":[64],"1":[64,64]}}
,"/Users/macbook/Projects/cv_my/ui/components/Button/Button.tsx": {"path":"/Users/macbook/Projects/cv_my/ui/components/Button/Button.tsx","statementMap":{"0":{"start":{"line":19,"column":13},"end":{"line":19,"column":22}},"1":{"start":{"line":45,"column":13},"end":{"line":45,"column":19}},"2":{"start":{"line":76,"column":13},"end":{"line":76,"column":26}},"3":{"start":{"line":80,"column":13},"end":{"line":80,"column":28}},"4":{"start":{"line":84,"column":13},"end":{"line":84,"column":25}},"5":{"start":{"line":88,"column":13},"end":{"line":88,"column":26}},"6":{"start":{"line":2,"column":19},"end":{"line":2,"column":null}},"7":{"start":{"line":3,"column":38},"end":{"line":3,"column":null}},"8":{"start":{"line":6,"column":52},"end":{"line":6,"column":null}},"9":{"start":{"line":19,"column":25},"end":{"line":43,"column":null}},"10":{"start":{"line":20,"column":2},"end":{"line":42,"column":null}},"11":{"start":{"line":22,"column":6},"end":{"line":24,"column":null}},"12":{"start":{"line":26,"column":6},"end":{"line":29,"column":null}},"13":{"start":{"line":31,"column":6},"end":{"line":34,"column":null}},"14":{"start":{"line":36,"column":6},"end":{"line":39,"column":null}},"15":{"start":{"line":41,"column":6},"end":{"line":41,"column":null}},"16":{"start":{"line":45,"column":22},"end":{"line":68,"column":1}},"17":{"start":{"line":57,"column":26},"end":{"line":57,"column":50}},"18":{"start":{"line":63,"column":4},"end":{"line":63,"column":66}},"19":{"start":{"line":66,"column":6},"end":{"line":66,"column":74}},"20":{"start":{"line":70,"column":0},"end":{"line":72,"column":null}}},"fnMap":{"0":{"name":"(anonymous_1)","decl":{"start":{"line":19,"column":22},"end":{"line":19,"column":25}},"loc":{"start":{"line":19,"column":13},"end":{"line":19,"column":22}}},"1":{"name":"(anonymous_2)","decl":{"start":{"line":45,"column":19},"end":{"line":45,"column":22}},"loc":{"start":{"line":45,"column":13},"end":{"line":45,"column":19}}},"2":{"name":"(anonymous_3)","decl":{"start":{"line":76,"column":26},"end":{"line":76,"column":48}},"loc":{"start":{"line":76,"column":13},"end":{"line":76,"column":26}}},"3":{"name":"(anonymous_4)","decl":{"start":{"line":80,"column":28},"end":{"line":80,"column":50}},"loc":{"start":{"line":80,"column":13},"end":{"line":80,"column":28}}},"4":{"name":"(anonymous_5)","decl":{"start":{"line":84,"column":25},"end":{"line":84,"column":47}},"loc":{"start":{"line":84,"column":13},"end":{"line":84,"column":25}}},"5":{"name":"(anonymous_6)","decl":{"start":{"line":88,"column":26},"end":{"line":88,"column":48}},"loc":{"start":{"line":88,"column":13},"end":{"line":88,"column":26}}},"6":{"name":"(anonymous_8)","decl":{"start":{"line":19,"column":25},"end":{"line":19,"column":26}},"loc":{"start":{"line":19,"column":79},"end":{"line":43,"column":null}}},"7":{"name":"(anonymous_9)","decl":{"start":{"line":57,"column":4},"end":{"line":57,"column":5}},"loc":{"start":{"line":57,"column":26},"end":{"line":57,"column":50}}},"8":{"name":"(anonymous_10)","decl":{"start":{"line":62,"column":4},"end":{"line":62,"column":5}},"loc":{"start":{"line":63,"column":4},"end":{"line":63,"column":66}}},"9":{"name":"(anonymous_11)","decl":{"start":{"line":65,"column":6},"end":{"line":65,"column":7}},"loc":{"start":{"line":66,"column":6},"end":{"line":66,"column":74}}}},"branchMap":{"0":{"loc":{"start":{"line":20,"column":2},"end":{"line":42,"column":null}},"type":"switch","locations":[{"start":{"line":21,"column":4},"end":{"line":24,"column":null}},{"start":{"line":25,"column":4},"end":{"line":29,"column":null}},{"start":{"line":30,"column":4},"end":{"line":34,"column":null}},{"start":{"line":35,"column":4},"end":{"line":39,"column":null}},{"start":{"line":40,"column":4},"end":{"line":41,"column":null}}]}},"s":{"0":0,"1":0,"2":0,"3":0,"4":0,"5":0,"6":1,"7":1,"8":1,"9":1,"10":0,"11":0,"12":0,"13":0,"14":0,"15":0,"16":1,"17":0,"18":0,"19":0,"20":1},"f":{"0":0,"1":0,"2":0,"3":0,"4":0,"5":0,"6":0,"7":0,"8":0,"9":0},"b":{"0":[0,0,0,0,0]}}
,"/Users/macbook/Projects/cv_my/ui/components/Button/index.ts": {"path":"/Users/macbook/Projects/cv_my/ui/components/Button/index.ts","statementMap":{"0":{"start":{"line":2,"column":2},"end":{"line":2,"column":8}},"1":{"start":{"line":3,"column":2},"end":{"line":3,"column":15}},"2":{"start":{"line":4,"column":2},"end":{"line":4,"column":17}},"3":{"start":{"line":5,"column":2},"end":{"line":5,"column":15}},"4":{"start":{"line":6,"column":2},"end":{"line":6,"column":14}},"5":{"start":{"line":7,"column":7},"end":{"line":7,"column":null}}},"fnMap":{"0":{"name":"(anonymous_1)","decl":{"start":{"line":2,"column":8},"end":{"line":2,"column":null}},"loc":{"start":{"line":2,"column":2},"end":{"line":2,"column":8}}},"1":{"name":"(anonymous_2)","decl":{"start":{"line":3,"column":15},"end":{"line":3,"column":null}},"loc":{"start":{"line":3,"column":2},"end":{"line":3,"column":15}}},"2":{"name":"(anonymous_3)","decl":{"start":{"line":4,"column":17},"end":{"line":4,"column":null}},"loc":{"start":{"line":4,"column":2},"end":{"line":4,"column":17}}},"3":{"name":"(anonymous_4)","decl":{"start":{"line":5,"column":15},"end":{"line":5,"column":null}},"loc":{"start":{"line":5,"column":2},"end":{"line":5,"column":15}}},"4":{"name":"(anonymous_5)","decl":{"start":{"line":6,"column":14},"end":{"line":6,"column":null}},"loc":{"start":{"line":6,"column":2},"end":{"line":6,"column":14}}}},"branchMap":{},"s":{"0":0,"1":0,"2":0,"3":0,"4":0,"5":1},"f":{"0":0,"1":0,"2":0,"3":0,"4":0},"b":{}}
,"/Users/macbook/Projects/cv_my/ui/components/Icon/Icon.tsx": {"path":"/Users/macbook/Projects/cv_my/ui/components/Icon/Icon.tsx","statementMap":{"0":{"start":{"line":17,"column":13},"end":{"line":17,"column":31}},"1":{"start":{"line":2,"column":19},"end":{"line":2,"column":null}},"2":{"start":{"line":4,"column":22},"end":{"line":4,"column":null}},"3":{"start":{"line":17,"column":31},"end":{"line":25,"column":null}},"4":{"start":{"line":18,"column":15},"end":{"line":20,"column":3}},"5":{"start":{"line":19,"column":28},"end":{"line":19,"column":46}},"6":{"start":{"line":21,"column":20},"end":{"line":21,"column":32}},"7":{"start":{"line":22,"column":16},"end":{"line":22,"column":null}}},"fnMap":{"0":{"name":"(anonymous_0)","decl":{"start":{"line":17,"column":13},"end":{"line":17,"column":31}},"loc":{"start":{"line":17,"column":13},"end":{"line":17,"column":31}}},"1":{"name":"(anonymous_2)","decl":{"start":{"line":17,"column":31},"end":{"line":17,"column":32}},"loc":{"start":{"line":17,"column":64},"end":{"line":25,"column":null}}},"2":{"name":"(anonymous_3)","decl":{"start":{"line":19,"column":13},"end":{"line":19,"column":14}},"loc":{"start":{"line":19,"column":28},"end":{"line":19,"column":46}}}},"branchMap":{"0":{"loc":{"start":{"line":17,"column":40},"end":{"line":17,"column":48}},"type":"default-arg","locations":[{"start":{"line":17,"column":47},"end":{"line":17,"column":48}}]}},"s":{"0":55,"1":1,"2":1,"3":1,"4":64,"5":64,"6":64,"7":64},"f":{"0":55,"1":64,"2":64},"b":{"0":[10]}}
,"/Users/macbook/Projects/cv_my/ui/components/Icon/Icons.tsx": {"path":"/Users/macbook/Projects/cv_my/ui/components/Icon/Icons.tsx","statementMap":{"0":{"start":{"line":359,"column":13},"end":{"line":359,"column":21}},"1":{"start":{"line":359,"column":21},"end":{"line":379,"column":null}}},"fnMap":{"0":{"name":"(anonymous_0)","decl":{"start":{"line":359,"column":13},"end":{"line":359,"column":21}},"loc":{"start":{"line":359,"column":13},"end":{"line":359,"column":21}}}},"branchMap":{},"s":{"0":64,"1":1},"f":{"0":64},"b":{}}
,"/Users/macbook/Projects/cv_my/ui/components/Icon/index.ts": {"path":"/Users/macbook/Projects/cv_my/ui/components/Icon/index.ts","statementMap":{"0":{"start":{"line":1,"column":9},"end":{"line":1,"column":13}},"1":{"start":{"line":1,"column":54},"end":{"line":1,"column":null}}},"fnMap":{"0":{"name":"(anonymous_0)","decl":{"start":{"line":1,"column":9},"end":{"line":1,"column":13}},"loc":{"start":{"line":1,"column":9},"end":{"line":1,"column":13}}}},"branchMap":{},"s":{"0":55,"1":1},"f":{"0":55},"b":{}}
,"/Users/macbook/Projects/cv_my/ui/components/IconButton/IconButton.tsx": {"path":"/Users/macbook/Projects/cv_my/ui/components/IconButton/IconButton.tsx","statementMap":{"0":{"start":{"line":44,"column":13},"end":{"line":44,"column":37}},"1":{"start":{"line":1,"column":57},"end":{"line":1,"column":null}},"2":{"start":{"line":2,"column":19},"end":{"line":2,"column":null}},"3":{"start":{"line":3,"column":20},"end":{"line":3,"column":null}},"4":{"start":{"line":5,"column":38},"end":{"line":5,"column":null}},"5":{"start":{"line":6,"column":41},"end":{"line":6,"column":null}},"6":{"start":{"line":10,"column":15},"end":{"line":37,"column":1}},"7":{"start":{"line":18,"column":18},"end":{"line":21,"column":3}},"8":{"start":{"line":27,"column":4},"end":{"line":27,"column":66}},"9":{"start":{"line":31,"column":6},"end":{"line":31,"column":74}},"10":{"start":{"line":57,"column":0},"end":{"line":57,"column":null}}},"fnMap":{"0":{"name":"(anonymous_0)","decl":{"start":{"line":44,"column":13},"end":{"line":44,"column":37}},"loc":{"start":{"line":44,"column":13},"end":{"line":44,"column":37}}},"1":{"name":"(anonymous_2)","decl":{"start":{"line":18,"column":4},"end":{"line":18,"column":5}},"loc":{"start":{"line":18,"column":18},"end":{"line":21,"column":3}}},"2":{"name":"(anonymous_3)","decl":{"start":{"line":26,"column":4},"end":{"line":26,"column":5}},"loc":{"start":{"line":27,"column":4},"end":{"line":27,"column":66}}},"3":{"name":"(anonymous_4)","decl":{"start":{"line":30,"column":6},"end":{"line":30,"column":7}},"loc":{"start":{"line":31,"column":6},"end":{"line":31,"column":74}}}},"branchMap":{"0":{"loc":{"start":{"line":48,"column":16},"end":{"line":48,"column":35}},"type":"binary-expr","locations":[{"start":{"line":48,"column":16},"end":{"line":48,"column":26}},{"start":{"line":48,"column":30},"end":{"line":48,"column":35}}]}},"s":{"0":50,"1":1,"2":1,"3":1,"4":1,"5":1,"6":1,"7":54,"8":54,"9":54,"10":1},"f":{"0":50,"1":54,"2":54,"3":54},"b":{"0":[54,0]}}
,"/Users/macbook/Projects/cv_my/ui/components/IconButton/index.ts": {"path":"/Users/macbook/Projects/cv_my/ui/components/IconButton/index.ts","statementMap":{"0":{"start":{"line":1,"column":9},"end":{"line":1,"column":19}},"1":{"start":{"line":1,"column":27},"end":{"line":1,"column":null}}},"fnMap":{"0":{"name":"(anonymous_0)","decl":{"start":{"line":1,"column":9},"end":{"line":1,"column":19}},"loc":{"start":{"line":1,"column":9},"end":{"line":1,"column":19}}}},"branchMap":{},"s":{"0":50,"1":1},"f":{"0":50},"b":{}}
,"/Users/macbook/Projects/cv_my/ui/components/Input/Input.tsx": {"path":"/Users/macbook/Projects/cv_my/ui/components/Input/Input.tsx","statementMap":{"0":{"start":{"line":111,"column":13},"end":{"line":111,"column":null}},"1":{"start":{"line":8,"column":7},"end":{"line":8,"column":null}},"2":{"start":{"line":10,"column":19},"end":{"line":10,"column":null}},"3":{"start":{"line":12,"column":37},"end":{"line":12,"column":null}},"4":{"start":{"line":13,"column":26},"end":{"line":13,"column":null}},"5":{"start":{"line":26,"column":16},"end":{"line":48,"column":1}},"6":{"start":{"line":34,"column":4},"end":{"line":42,"column":5}},"7":{"start":{"line":35,"column":6},"end":{"line":35,"column":null}},"8":{"start":{"line":36,"column":11},"end":{"line":42,"column":5}},"9":{"start":{"line":37,"column":6},"end":{"line":37,"column":null}},"10":{"start":{"line":38,"column":11},"end":{"line":42,"column":5}},"11":{"start":{"line":39,"column":6},"end":{"line":39,"column":null}},"12":{"start":{"line":41,"column":6},"end":{"line":41,"column":null}},"13":{"start":{"line":44,"column":26},"end":{"line":44,"column":32}},"14":{"start":{"line":45,"column":28},"end":{"line":45,"column":35}},"15":{"start":{"line":46,"column":26},"end":{"line":46,"column":44}},"16":{"start":{"line":50,"column":21},"end":{"line":57,"column":1}},"17":{"start":{"line":59,"column":20},"end":{"line":80,"column":1}},"18":{"start":{"line":66,"column":26},"end":{"line":66,"column":44}},"19":{"start":{"line":68,"column":4},"end":{"line":68,"column":72}},"20":{"start":{"line":70,"column":28},"end":{"line":70,"column":50}},"21":{"start":{"line":74,"column":6},"end":{"line":74,"column":68}},"22":{"start":{"line":76,"column":30},"end":{"line":76,"column":48}},"23":{"start":{"line":82,"column":19},"end":{"line":87,"column":1}},"24":{"start":{"line":85,"column":26},"end":{"line":85,"column":48}},"25":{"start":{"line":89,"column":14},"end":{"line":92,"column":1}},"26":{"start":{"line":94,"column":17},"end":{"line":96,"column":1}},"27":{"start":{"line":134,"column":0},"end":{"line":134,"column":null}}},"fnMap":{"0":{"name":"(anonymous_0)","decl":{"start":{"line":111,"column":13},"end":{"line":111,"column":null}},"loc":{"start":{"line":111,"column":13},"end":{"line":111,"column":null}}},"1":{"name":"(anonymous_2)","decl":{"start":{"line":33,"column":24},"end":{"line":33,"column":25}},"loc":{"start":{"line":33,"column":67},"end":{"line":43,"column":4}}},"2":{"name":"(anonymous_3)","decl":{"start":{"line":44,"column":11},"end":{"line":44,"column":12}},"loc":{"start":{"line":44,"column":26},"end":{"line":44,"column":32}}},"3":{"name":"(anonymous_4)","decl":{"start":{"line":45,"column":12},"end":{"line":45,"column":13}},"loc":{"start":{"line":45,"column":28},"end":{"line":45,"column":35}}},"4":{"name":"(anonymous_5)","decl":{"start":{"line":46,"column":11},"end":{"line":46,"column":12}},"loc":{"start":{"line":46,"column":26},"end":{"line":46,"column":44}}},"5":{"name":"(anonymous_6)","decl":{"start":{"line":66,"column":11},"end":{"line":66,"column":12}},"loc":{"start":{"line":66,"column":26},"end":{"line":66,"column":44}}},"6":{"name":"(anonymous_7)","decl":{"start":{"line":67,"column":4},"end":{"line":67,"column":5}},"loc":{"start":{"line":68,"column":4},"end":{"line":68,"column":72}}},"7":{"name":"(anonymous_8)","decl":{"start":{"line":70,"column":13},"end":{"line":70,"column":14}},"loc":{"start":{"line":70,"column":28},"end":{"line":70,"column":50}}},"8":{"name":"(anonymous_9)","decl":{"start":{"line":73,"column":6},"end":{"line":73,"column":7}},"loc":{"start":{"line":74,"column":6},"end":{"line":74,"column":68}}},"9":{"name":"(anonymous_10)","decl":{"start":{"line":76,"column":15},"end":{"line":76,"column":16}},"loc":{"start":{"line":76,"column":30},"end":{"line":76,"column":48}}},"10":{"name":"(anonymous_11)","decl":{"start":{"line":85,"column":11},"end":{"line":85,"column":12}},"loc":{"start":{"line":85,"column":26},"end":{"line":85,"column":48}}}},"branchMap":{"0":{"loc":{"start":{"line":34,"column":4},"end":{"line":42,"column":5}},"type":"if","locations":[{"start":{"line":34,"column":4},"end":{"line":42,"column":5}},{"start":{"line":36,"column":11},"end":{"line":42,"column":5}}]},"1":{"loc":{"start":{"line":34,"column":8},"end":{"line":34,"column":45}},"type":"binary-expr","locations":[{"start":{"line":34,"column":8},"end":{"line":34,"column":26}},{"start":{"line":34,"column":26},"end":{"line":34,"column":45}}]},"2":{"loc":{"start":{"line":36,"column":11},"end":{"line":42,"column":5}},"type":"if","locations":[{"start":{"line":36,"column":11},"end":{"line":42,"column":5}},{"start":{"line":38,"column":11},"end":{"line":42,"column":5}}]},"3":{"loc":{"start":{"line":38,"column":11},"end":{"line":42,"column":5}},"type":"if","locations":[{"start":{"line":38,"column":11},"end":{"line":42,"column":5}},{"start":{"line":40,"column":11},"end":{"line":42,"column":5}}]},"4":{"loc":{"start":{"line":114,"column":15},"end":{"line":114,"column":25}},"type":"default-arg","locations":[{"start":{"line":114,"column":24},"end":{"line":114,"column":25}}]},"5":{"loc":{"start":{"line":114,"column":27},"end":{"line":114,"column":37}},"type":"default-arg","locations":[{"start":{"line":114,"column":35},"end":{"line":114,"column":37}}]},"6":{"loc":{"start":{"line":127,"column":11},"end":{"line":127,"column":19}},"type":"binary-expr","locations":[{"start":{"line":127,"column":11},"end":{"line":127,"column":19}}]}},"s":{"0":1,"1":1,"2":1,"3":1,"4":1,"5":1,"6":10,"7":0,"8":10,"9":0,"10":10,"11":0,"12":10,"13":10,"14":10,"15":10,"16":1,"17":1,"18":10,"19":10,"20":10,"21":10,"22":10,"23":1,"24":10,"25":1,"26":1,"27":1},"f":{"0":1,"1":10,"2":10,"3":10,"4":10,"5":10,"6":10,"7":10,"8":10,"9":10,"10":10},"b":{"0":[0,10],"1":[10,0],"2":[0,10],"3":[0,10],"4":[10],"5":[10],"6":[10]}}
,"/Users/macbook/Projects/cv_my/ui/components/Input/index.ts": {"path":"/Users/macbook/Projects/cv_my/ui/components/Input/index.ts","statementMap":{"0":{"start":{"line":1,"column":9},"end":{"line":1,"column":14}},"1":{"start":{"line":2,"column":9},"end":{"line":2,"column":17}},"2":{"start":{"line":2,"column":19},"end":{"line":2,"column":38}},"3":{"start":{"line":1,"column":22},"end":{"line":1,"column":null}},"4":{"start":{"line":2,"column":46},"end":{"line":2,"column":null}}},"fnMap":{"0":{"name":"(anonymous_1)","decl":{"start":{"line":1,"column":14},"end":{"line":1,"column":22}},"loc":{"start":{"line":1,"column":9},"end":{"line":1,"column":14}}},"1":{"name":"(anonymous_2)","decl":{"start":{"line":2,"column":17},"end":{"line":2,"column":19}},"loc":{"start":{"line":2,"column":9},"end":{"line":2,"column":17}}},"2":{"name":"(anonymous_3)","decl":{"start":{"line":2,"column":38},"end":{"line":2,"column":46}},"loc":{"start":{"line":2,"column":19},"end":{"line":2,"column":38}}}},"branchMap":{},"s":{"0":1,"1":0,"2":0,"3":1,"4":1},"f":{"0":1,"1":0,"2":0},"b":{}}
,"/Users/macbook/Projects/cv_my/ui/components/Input/Feedback/Feedback.tsx": {"path":"/Users/macbook/Projects/cv_my/ui/components/Input/Feedback/Feedback.tsx","statementMap":{"0":{"start":{"line":9,"column":13},"end":{"line":9,"column":21}},"1":{"start":{"line":14,"column":13},"end":{"line":14,"column":32}},"2":{"start":{"line":3,"column":19},"end":{"line":3,"column":null}},"3":{"start":{"line":9,"column":24},"end":{"line":12,"column":1}},"4":{"start":{"line":11,"column":4},"end":{"line":11,"column":51}},"5":{"start":{"line":14,"column":39},"end":{"line":15,"column":null}},"6":{"start":{"line":15,"column":2},"end":{"line":15,"column":null}}},"fnMap":{"0":{"name":"(anonymous_1)","decl":{"start":{"line":9,"column":21},"end":{"line":9,"column":24}},"loc":{"start":{"line":9,"column":13},"end":{"line":9,"column":21}}},"1":{"name":"(anonymous_2)","decl":{"start":{"line":14,"column":32},"end":{"line":14,"column":39}},"loc":{"start":{"line":14,"column":13},"end":{"line":14,"column":32}}},"2":{"name":"(anonymous_4)","decl":{"start":{"line":10,"column":11},"end":{"line":10,"column":12}},"loc":{"start":{"line":11,"column":4},"end":{"line":11,"column":51}}},"3":{"name":"(anonymous_5)","decl":{"start":{"line":14,"column":39},"end":{"line":14,"column":40}},"loc":{"start":{"line":15,"column":2},"end":{"line":15,"column":null}}}},"branchMap":{"0":{"loc":{"start":{"line":11,"column":4},"end":{"line":11,"column":51}},"type":"cond-expr","locations":[{"start":{"line":11,"column":14},"end":{"line":11,"column":30}},{"start":{"line":11,"column":33},"end":{"line":11,"column":51}}]},"1":{"loc":{"start":{"line":15,"column":2},"end":{"line":15,"column":null}},"type":"cond-expr","locations":[{"start":{"line":15,"column":13},"end":{"line":15,"column":49}},{"start":{"line":15,"column":47},"end":{"line":15,"column":null}}]}},"s":{"0":0,"1":0,"2":1,"3":1,"4":0,"5":1,"6":0},"f":{"0":0,"1":0,"2":0,"3":0},"b":{"0":[0,0],"1":[0,0]}}
,"/Users/macbook/Projects/cv_my/ui/components/Input/Feedback/index.ts": {"path":"/Users/macbook/Projects/cv_my/ui/components/Input/Feedback/index.ts","statementMap":{"0":{"start":{"line":1,"column":9},"end":{"line":1,"column":17}},"1":{"start":{"line":1,"column":19},"end":{"line":1,"column":38}},"2":{"start":{"line":1,"column":46},"end":{"line":1,"column":null}}},"fnMap":{"0":{"name":"(anonymous_1)","decl":{"start":{"line":1,"column":17},"end":{"line":1,"column":19}},"loc":{"start":{"line":1,"column":9},"end":{"line":1,"column":17}}},"1":{"name":"(anonymous_2)","decl":{"start":{"line":1,"column":38},"end":{"line":1,"column":46}},"loc":{"start":{"line":1,"column":19},"end":{"line":1,"column":38}}}},"branchMap":{},"s":{"0":0,"1":0,"2":1},"f":{"0":0,"1":0},"b":{}}
,"/Users/macbook/Projects/cv_my/ui/components/Layout/Layout.tsx": {"path":"/Users/macbook/Projects/cv_my/ui/components/Layout/Layout.tsx","statementMap":{"0":{"start":{"line":30,"column":13},"end":{"line":30,"column":26}},"1":{"start":{"line":1,"column":70},"end":{"line":1,"column":null}},"2":{"start":{"line":2,"column":17},"end":{"line":2,"column":null}},"3":{"start":{"line":3,"column":26},"end":{"line":3,"column":null}},"4":{"start":{"line":4,"column":41},"end":{"line":4,"column":null}},"5":{"start":{"line":5,"column":42},"end":{"line":5,"column":null}},"6":{"start":{"line":8,"column":46},"end":{"line":8,"column":null}},"7":{"start":{"line":9,"column":34},"end":{"line":9,"column":null}},"8":{"start":{"line":11,"column":27},"end":{"line":11,"column":null}},"9":{"start":{"line":12,"column":31},"end":{"line":12,"column":null}},"10":{"start":{"line":22,"column":7},"end":{"line":22,"column":null}},"11":{"start":{"line":24,"column":25},"end":{"line":24,"column":null}},"12":{"start":{"line":25,"column":26},"end":{"line":25,"column":null}},"13":{"start":{"line":28,"column":2},"end":{"line":28,"column":61}},"14":{"start":{"line":30,"column":26},"end":{"line":166,"column":null}},"15":{"start":{"line":31,"column":17},"end":{"line":31,"column":null}},"16":{"start":{"line":32,"column":16},"end":{"line":32,"column":28}},"17":{"start":{"line":33,"column":28},"end":{"line":33,"column":null}},"18":{"start":{"line":35,"column":30},"end":{"line":36,"column":null}},"19":{"start":{"line":39,"column":30},"end":{"line":39,"column":null}},"20":{"start":{"line":40,"column":19},"end":{"line":40,"column":null}},"21":{"start":{"line":42,"column":19},"end":{"line":44,"column":null}},"22":{"start":{"line":43,"column":4},"end":{"line":43,"column":null}},"23":{"start":{"line":46,"column":21},"end":{"line":49,"column":null}},"24":{"start":{"line":47,"column":4},"end":{"line":47,"column":null}},"25":{"start":{"line":48,"column":4},"end":{"line":48,"column":null}},"26":{"start":{"line":51,"column":2},"end":{"line":61,"column":null}},"27":{"start":{"line":52,"column":4},"end":{"line":52,"column":null}},"28":{"start":{"line":53,"column":18},"end":{"line":53,"column":null}},"29":{"start":{"line":54,"column":33},"end":{"line":54,"column":null}},"30":{"start":{"line":56,"column":4},"end":{"line":59,"column":null}},"31":{"start":{"line":63,"column":23},"end":{"line":75,"column":null}},"32":{"start":{"line":64,"column":22},"end":{"line":64,"column":37}},"33":{"start":{"line":65,"column":4},"end":{"line":65,"column":null}},"34":{"start":{"line":66,"column":4},"end":{"line":71,"column":5}},"35":{"start":{"line":67,"column":6},"end":{"line":70,"column":null}},"36":{"start":{"line":72,"column":4},"end":{"line":74,"column":5}},"37":{"start":{"line":73,"column":6},"end":{"line":73,"column":null}},"38":{"start":{"line":77,"column":18},"end":{"line":79,"column":null}},"39":{"start":{"line":78,"column":4},"end":{"line":78,"column":null}},"40":{"start":{"line":81,"column":23},"end":{"line":88,"column":null}},"41":{"start":{"line":82,"column":4},"end":{"line":87,"column":null}},"42":{"start":{"line":90,"column":2},"end":{"line":95,"column":null}},"43":{"start":{"line":91,"column":4},"end":{"line":91,"column":null}},"44":{"start":{"line":92,"column":4},"end":{"line":94,"column":5}},"45":{"start":{"line":93,"column":6},"end":{"line":93,"column":null}},"46":{"start":{"line":97,"column":16},"end":{"line":97,"column":49}},"47":{"start":{"line":132,"column":35},"end":{"line":132,"column":null}},"48":{"start":{"line":157,"column":27},"end":{"line":157,"column":null}},"49":{"start":{"line":158,"column":32},"end":{"line":158,"column":null}},"50":{"start":{"line":159,"column":30},"end":{"line":159,"column":null}}},"fnMap":{"0":{"name":"(anonymous_0)","decl":{"start":{"line":30,"column":13},"end":{"line":30,"column":26}},"loc":{"start":{"line":30,"column":13},"end":{"line":30,"column":26}}},"1":{"name":"(anonymous_2)","decl":{"start":{"line":30,"column":26},"end":{"line":30,"column":27}},"loc":{"start":{"line":30,"column":44},"end":{"line":166,"column":null}}},"2":{"name":"(anonymous_3)","decl":{"start":{"line":42,"column":31},"end":{"line":42,"column":32}},"loc":{"start":{"line":42,"column":53},"end":{"line":44,"column":null}}},"3":{"name":"(anonymous_4)","decl":{"start":{"line":46,"column":21},"end":{"line":46,"column":27}},"loc":{"start":{"line":46,"column":27},"end":{"line":49,"column":null}}},"4":{"name":"(anonymous_5)","decl":{"start":{"line":51,"column":28},"end":{"line":51,"column":34}},"loc":{"start":{"line":51,"column":34},"end":{"line":61,"column":5}}},"5":{"name":"(anonymous_6)","decl":{"start":{"line":63,"column":23},"end":{"line":63,"column":24}},"loc":{"start":{"line":63,"column":61},"end":{"line":75,"column":null}}},"6":{"name":"(anonymous_7)","decl":{"start":{"line":77,"column":18},"end":{"line":77,"column":24}},"loc":{"start":{"line":77,"column":24},"end":{"line":79,"column":null}}},"7":{"name":"(anonymous_8)","decl":{"start":{"line":81,"column":23},"end":{"line":81,"column":29}},"loc":{"start":{"line":81,"column":29},"end":{"line":88,"column":null}}},"8":{"name":"(anonymous_9)","decl":{"start":{"line":90,"column":12},"end":{"line":90,"column":18}},"loc":{"start":{"line":90,"column":18},"end":{"line":95,"column":5}}},"9":{"name":"(anonymous_10)","decl":{"start":{"line":132,"column":29},"end":{"line":132,"column":35}},"loc":{"start":{"line":132,"column":35},"end":{"line":132,"column":null}}},"10":{"name":"(anonymous_11)","decl":{"start":{"line":157,"column":21},"end":{"line":157,"column":27}},"loc":{"start":{"line":157,"column":27},"end":{"line":157,"column":null}}},"11":{"name":"(anonymous_12)","decl":{"start":{"line":158,"column":26},"end":{"line":158,"column":32}},"loc":{"start":{"line":158,"column":32},"end":{"line":158,"column":null}}},"12":{"name":"(anonymous_13)","decl":{"start":{"line":159,"column":24},"end":{"line":159,"column":30}},"loc":{"start":{"line":159,"column":30},"end":{"line":159,"column":null}}}},"branchMap":{"0":{"loc":{"start":{"line":28,"column":2},"end":{"line":28,"column":61}},"type":"cond-expr","locations":[{"start":{"line":28,"column":34},"end":{"line":28,"column":49}},{"start":{"line":28,"column":52},"end":{"line":28,"column":61}}]},"1":{"loc":{"start":{"line":47,"column":34},"end":{"line":47,"column":59}},"type":"cond-expr","locations":[{"start":{"line":47,"column":43},"end":{"line":47,"column":53}},{"start":{"line":47,"column":53},"end":{"line":47,"column":59}}]},"2":{"loc":{"start":{"line":57,"column":6},"end":{"line":59,"column":67}},"type":"cond-expr","locations":[{"start":{"line":58,"column":10},"end":{"line":58,"column":null}},{"start":{"line":59,"column":10},"end":{"line":59,"column":67}}]},"3":{"loc":{"start":{"line":66,"column":4},"end":{"line":71,"column":5}},"type":"if","locations":[{"start":{"line":66,"column":4},"end":{"line":71,"column":5}}]},"4":{"loc":{"start":{"line":72,"column":4},"end":{"line":74,"column":5}},"type":"if","locations":[{"start":{"line":72,"column":4},"end":{"line":74,"column":5}}]},"5":{"loc":{"start":{"line":91,"column":4},"end":{"line":91,"column":null}},"type":"binary-expr","locations":[{"start":{"line":91,"column":4},"end":{"line":91,"column":9}},{"start":{"line":91,"column":9},"end":{"line":91,"column":null}}]},"6":{"loc":{"start":{"line":92,"column":4},"end":{"line":94,"column":5}},"type":"if","locations":[{"start":{"line":92,"column":4},"end":{"line":94,"column":5}}]},"7":{"loc":{"start":{"line":92,"column":8},"end":{"line":92,"column":21}},"type":"binary-expr","locations":[{"start":{"line":92,"column":8},"end":{"line":92,"column":17}},{"start":{"line":92,"column":17},"end":{"line":92,"column":21}}]},"8":{"loc":{"start":{"line":97,"column":23},"end":{"line":97,"column":48}},"type":"cond-expr","locations":[{"start":{"line":97,"column":32},"end":{"line":97,"column":41}},{"start":{"line":97,"column":41},"end":{"line":97,"column":48}}]},"9":{"loc":{"start":{"line":101,"column":29},"end":{"line":101,"column":60}},"type":"cond-expr","locations":[{"start":{"line":101,"column":38},"end":{"line":101,"column":47}},{"start":{"line":101,"column":50},"end":{"line":101,"column":60}}]},"10":{"loc":{"start":{"line":114,"column":22},"end":{"line":114,"column":49}},"type":"cond-expr","locations":[{"start":{"line":114,"column":33},"end":{"line":114,"column":42}},{"start":{"line":114,"column":42},"end":{"line":114,"column":49}}]},"11":{"loc":{"start":{"line":116,"column":25},"end":{"line":116,"column":58}},"type":"cond-expr","locations":[{"start":{"line":116,"column":36},"end":{"line":116,"column":51}},{"start":{"line":116,"column":51},"end":{"line":116,"column":58}}]},"12":{"loc":{"start":{"line":120,"column":22},"end":{"line":120,"column":46}},"type":"cond-expr","locations":[{"start":{"line":120,"column":32},"end":{"line":120,"column":41}},{"start":{"line":120,"column":41},"end":{"line":120,"column":46}}]},"13":{"loc":{"start":{"line":134,"column":19},"end":{"line":134,"column":null}},"type":"binary-expr","locations":[{"start":{"line":134,"column":19},"end":{"line":134,"column":null}}]}},"s":{"0":3,"1":1,"2":1,"3":1,"4":1,"5":1,"6":1,"7":1,"8":1,"9":1,"10":1,"11":1,"12":1,"13":1,"14":1,"15":10,"16":10,"17":10,"18":10,"19":10,"20":10,"21":10,"22":17,"23":10,"24":0,"25":0,"26":10,"27":3,"28":3,"29":3,"30":3,"31":10,"32":0,"33":0,"34":0,"35":0,"36":0,"37":0,"38":10,"39":0,"40":10,"41":0,"42":10,"43":3,"44":3,"45":0,"46":10,"47":0,"48":0,"49":0,"50":0},"f":{"0":3,"1":10,"2":17,"3":0,"4":3,"5":0,"6":0,"7":0,"8":3,"9":0,"10":0,"11":0,"12":0},"b":{"0":[1,0],"1":[0,0],"2":[0,3],"3":[0],"4":[0],"5":[3,0],"6":[0],"7":[3,0],"8":[3,7],"9":[3,7],"10":[6,4],"11":[6,4],"12":[7,3],"13":[10]}}
,"/Users/macbook/Projects/cv_my/ui/components/Layout/components.ts": {"path":"/Users/macbook/Projects/cv_my/ui/components/Layout/components.ts","statementMap":{"0":{"start":{"line":7,"column":13},"end":{"line":7,"column":20}},"1":{"start":{"line":48,"column":13},"end":{"line":48,"column":21}},"2":{"start":{"line":52,"column":13},"end":{"line":52,"column":34}},"3":{"start":{"line":74,"column":13},"end":{"line":74,"column":23}},"4":{"start":{"line":93,"column":13},"end":{"line":93,"column":20}},"5":{"start":{"line":106,"column":13},"end":{"line":106,"column":24}},"6":{"start":{"line":114,"column":13},"end":{"line":114,"column":20}},"7":{"start":{"line":120,"column":13},"end":{"line":120,"column":19}},"8":{"start":{"line":1,"column":19},"end":{"line":1,"column":null}},"9":{"start":{"line":3,"column":27},"end":{"line":3,"column":null}},"10":{"start":{"line":4,"column":21},"end":{"line":4,"column":null}},"11":{"start":{"line":5,"column":22},"end":{"line":5,"column":null}},"12":{"start":{"line":7,"column":23},"end":{"line":46,"column":1}},"13":{"start":{"line":10,"column":26},"end":{"line":10,"column":44}},"14":{"start":{"line":11,"column":37},"end":{"line":11,"column":53}},"15":{"start":{"line":48,"column":24},"end":{"line":50,"column":1}},"16":{"start":{"line":52,"column":37},"end":{"line":72,"column":3}},"17":{"start":{"line":74,"column":26},"end":{"line":91,"column":1}},"18":{"start":{"line":93,"column":23},"end":{"line":104,"column":1}},"19":{"start":{"line":106,"column":27},"end":{"line":112,"column":1}},"20":{"start":{"line":114,"column":23},"end":{"line":118,"column":1}},"21":{"start":{"line":120,"column":22},"end":{"line":127,"column":1}}},"fnMap":{"0":{"name":"(anonymous_1)","decl":{"start":{"line":7,"column":20},"end":{"line":7,"column":23}},"loc":{"start":{"line":7,"column":13},"end":{"line":7,"column":20}}},"1":{"name":"(anonymous_2)","decl":{"start":{"line":48,"column":21},"end":{"line":48,"column":24}},"loc":{"start":{"line":48,"column":13},"end":{"line":48,"column":21}}},"2":{"name":"(anonymous_3)","decl":{"start":{"line":52,"column":34},"end":{"line":52,"column":37}},"loc":{"start":{"line":52,"column":13},"end":{"line":52,"column":34}}},"3":{"name":"(anonymous_4)","decl":{"start":{"line":74,"column":23},"end":{"line":74,"column":26}},"loc":{"start":{"line":74,"column":13},"end":{"line":74,"column":23}}},"4":{"name":"(anonymous_5)","decl":{"start":{"line":93,"column":20},"end":{"line":93,"column":23}},"loc":{"start":{"line":93,"column":13},"end":{"line":93,"column":20}}},"5":{"name":"(anonymous_6)","decl":{"start":{"line":106,"column":24},"end":{"line":106,"column":27}},"loc":{"start":{"line":106,"column":13},"end":{"line":106,"column":24}}},"6":{"name":"(anonymous_7)","decl":{"start":{"line":114,"column":20},"end":{"line":114,"column":23}},"loc":{"start":{"line":114,"column":13},"end":{"line":114,"column":20}}},"7":{"name":"(anonymous_8)","decl":{"start":{"line":120,"column":19},"end":{"line":120,"column":22}},"loc":{"start":{"line":120,"column":13},"end":{"line":120,"column":19}}},"8":{"name":"(anonymous_10)","decl":{"start":{"line":10,"column":11},"end":{"line":10,"column":12}},"loc":{"start":{"line":10,"column":26},"end":{"line":10,"column":44}}},"9":{"name":"(anonymous_11)","decl":{"start":{"line":11,"column":22},"end":{"line":11,"column":23}},"loc":{"start":{"line":11,"column":37},"end":{"line":11,"column":53}}}},"branchMap":{},"s":{"0":10,"1":10,"2":0,"3":10,"4":10,"5":10,"6":10,"7":0,"8":1,"9":1,"10":1,"11":1,"12":1,"13":10,"14":10,"15":1,"16":1,"17":1,"18":1,"19":1,"20":1,"21":1},"f":{"0":10,"1":10,"2":0,"3":10,"4":10,"5":10,"6":10,"7":0,"8":10,"9":10},"b":{}}
,"/Users/macbook/Projects/cv_my/ui/components/Layout/index.ts": {"path":"/Users/macbook/Projects/cv_my/ui/components/Layout/index.ts","statementMap":{"0":{"start":{"line":1,"column":9},"end":{"line":1,"column":15}},"1":{"start":{"line":1,"column":23},"end":{"line":1,"column":null}}},"fnMap":{"0":{"name":"(anonymous_0)","decl":{"start":{"line":1,"column":9},"end":{"line":1,"column":15}},"loc":{"start":{"line":1,"column":9},"end":{"line":1,"column":15}}}},"branchMap":{},"s":{"0":3,"1":1},"f":{"0":3},"b":{}}
,"/Users/macbook/Projects/cv_my/ui/components/Logo/Logo.tsx": {"path":"/Users/macbook/Projects/cv_my/ui/components/Logo/Logo.tsx","statementMap":{"0":{"start":{"line":9,"column":13},"end":{"line":9,"column":20}},"1":{"start":{"line":1,"column":19},"end":{"line":1,"column":null}},"2":{"start":{"line":2,"column":20},"end":{"line":2,"column":null}},"3":{"start":{"line":9,"column":20},"end":{"line":22,"column":1}},"4":{"start":{"line":11,"column":33},"end":{"line":11,"column":45}},"5":{"start":{"line":13,"column":4},"end":{"line":20,"column":null}}},"fnMap":{"0":{"name":"(anonymous_0)","decl":{"start":{"line":9,"column":13},"end":{"line":9,"column":20}},"loc":{"start":{"line":9,"column":13},"end":{"line":9,"column":20}}},"1":{"name":"(anonymous_2)","decl":{"start":{"line":11,"column":15},"end":{"line":11,"column":16}},"loc":{"start":{"line":11,"column":33},"end":{"line":11,"column":45}}},"2":{"name":"(anonymous_3)","decl":{"start":{"line":12,"column":4},"end":{"line":12,"column":5}},"loc":{"start":{"line":12,"column":29},"end":{"line":21,"column":4}}}},"branchMap":{"0":{"loc":{"start":{"line":11,"column":18},"end":{"line":11,"column":26}},"type":"default-arg","locations":[{"start":{"line":11,"column":25},"end":{"line":11,"column":26}}]},"1":{"loc":{"start":{"line":12,"column":14},"end":{"line":12,"column":22}},"type":"default-arg","locations":[{"start":{"line":12,"column":21},"end":{"line":12,"column":22}}]}},"s":{"0":1,"1":1,"2":1,"3":1,"4":10,"5":10},"f":{"0":1,"1":10,"2":10},"b":{"0":[0],"1":[0]}}
,"/Users/macbook/Projects/cv_my/ui/components/Logo/index.ts": {"path":"/Users/macbook/Projects/cv_my/ui/components/Logo/index.ts","statementMap":{"0":{"start":{"line":1,"column":9},"end":{"line":1,"column":13}},"1":{"start":{"line":1,"column":21},"end":{"line":1,"column":null}}},"fnMap":{"0":{"name":"(anonymous_0)","decl":{"start":{"line":1,"column":9},"end":{"line":1,"column":13}},"loc":{"start":{"line":1,"column":9},"end":{"line":1,"column":13}}}},"branchMap":{},"s":{"0":1,"1":1},"f":{"0":1},"b":{}}
,"/Users/macbook/Projects/cv_my/ui/components/StyledLink/StyledLink.tsx": {"path":"/Users/macbook/Projects/cv_my/ui/components/StyledLink/StyledLink.tsx","statementMap":{"0":{"start":{"line":7,"column":13},"end":{"line":7,"column":26}},"1":{"start":{"line":1,"column":19},"end":{"line":1,"column":null}},"2":{"start":{"line":7,"column":26},"end":{"line":15,"column":1}},"3":{"start":{"line":10,"column":26},"end":{"line":10,"column":44}},"4":{"start":{"line":11,"column":41},"end":{"line":11,"column":73}}},"fnMap":{"0":{"name":"(anonymous_0)","decl":{"start":{"line":7,"column":13},"end":{"line":7,"column":26}},"loc":{"start":{"line":7,"column":13},"end":{"line":7,"column":26}}},"1":{"name":"(anonymous_2)","decl":{"start":{"line":10,"column":11},"end":{"line":10,"column":12}},"loc":{"start":{"line":10,"column":26},"end":{"line":10,"column":44}}},"2":{"name":"(anonymous_3)","decl":{"start":{"line":11,"column":21},"end":{"line":11,"column":22}},"loc":{"start":{"line":11,"column":41},"end":{"line":11,"column":73}}}},"branchMap":{"0":{"loc":{"start":{"line":11,"column":41},"end":{"line":11,"column":73}},"type":"cond-expr","locations":[{"start":{"line":11,"column":53},"end":{"line":11,"column":67}},{"start":{"line":11,"column":67},"end":{"line":11,"column":73}}]}},"s":{"0":1,"1":1,"2":1,"3":12,"4":12},"f":{"0":1,"1":12,"2":12},"b":{"0":[0,12]}}
,"/Users/macbook/Projects/cv_my/ui/components/StyledLink/index.ts": {"path":"/Users/macbook/Projects/cv_my/ui/components/StyledLink/index.ts","statementMap":{"0":{"start":{"line":1,"column":9},"end":{"line":1,"column":19}},"1":{"start":{"line":1,"column":27},"end":{"line":1,"column":null}}},"fnMap":{"0":{"name":"(anonymous_0)","decl":{"start":{"line":1,"column":9},"end":{"line":1,"column":19}},"loc":{"start":{"line":1,"column":9},"end":{"line":1,"column":19}}}},"branchMap":{},"s":{"0":1,"1":1},"f":{"0":1},"b":{}}
,"/Users/macbook/Projects/cv_my/ui/components/Tile/CenteredTile.tsx": {"path":"/Users/macbook/Projects/cv_my/ui/components/Tile/CenteredTile.tsx","statementMap":{"0":{"start":{"line":33,"column":13},"end":{"line":33,"column":39}},"1":{"start":{"line":2,"column":19},"end":{"line":2,"column":null}},"2":{"start":{"line":3,"column":20},"end":{"line":3,"column":null}},"3":{"start":{"line":5,"column":28},"end":{"line":5,"column":null}},"4":{"start":{"line":7,"column":21},"end":{"line":11,"column":1}},"5":{"start":{"line":13,"column":16},"end":{"line":19,"column":1}},"6":{"start":{"line":21,"column":19},"end":{"line":31,"column":1}}},"fnMap":{"0":{"name":"(anonymous_0)","decl":{"start":{"line":33,"column":13},"end":{"line":33,"column":39}},"loc":{"start":{"line":33,"column":13},"end":{"line":33,"column":39}}}},"branchMap":{},"s":{"0":0,"1":1,"2":1,"3":1,"4":1,"5":1,"6":1},"f":{"0":0},"b":{}}
,"/Users/macbook/Projects/cv_my/ui/components/Tile/Tile.tsx": {"path":"/Users/macbook/Projects/cv_my/ui/components/Tile/Tile.tsx","statementMap":{"0":{"start":{"line":20,"column":13},"end":{"line":20,"column":31}},"1":{"start":{"line":2,"column":19},"end":{"line":2,"column":null}},"2":{"start":{"line":4,"column":40},"end":{"line":4,"column":null}},"3":{"start":{"line":6,"column":16},"end":{"line":13,"column":1}},"4":{"start":{"line":9,"column":31},"end":{"line":9,"column":47}},"5":{"start":{"line":10,"column":26},"end":{"line":10,"column":44}},"6":{"start":{"line":12,"column":4},"end":{"line":12,"column":66}}},"fnMap":{"0":{"name":"(anonymous_0)","decl":{"start":{"line":20,"column":13},"end":{"line":20,"column":31}},"loc":{"start":{"line":20,"column":13},"end":{"line":20,"column":31}}},"1":{"name":"(anonymous_2)","decl":{"start":{"line":9,"column":16},"end":{"line":9,"column":17}},"loc":{"start":{"line":9,"column":31},"end":{"line":9,"column":47}}},"2":{"name":"(anonymous_3)","decl":{"start":{"line":10,"column":11},"end":{"line":10,"column":12}},"loc":{"start":{"line":10,"column":26},"end":{"line":10,"column":44}}},"3":{"name":"(anonymous_4)","decl":{"start":{"line":11,"column":4},"end":{"line":11,"column":5}},"loc":{"start":{"line":12,"column":4},"end":{"line":12,"column":66}}}},"branchMap":{},"s":{"0":1,"1":1,"2":1,"3":1,"4":0,"5":0,"6":0},"f":{"0":1,"1":0,"2":0,"3":0},"b":{}}
,"/Users/macbook/Projects/cv_my/ui/components/Tile/index.ts": {"path":"/Users/macbook/Projects/cv_my/ui/components/Tile/index.ts","statementMap":{"0":{"start":{"line":1,"column":9},"end":{"line":1,"column":13}},"1":{"start":{"line":2,"column":9},"end":{"line":2,"column":21}},"2":{"start":{"line":1,"column":21},"end":{"line":1,"column":null}},"3":{"start":{"line":2,"column":29},"end":{"line":2,"column":null}}},"fnMap":{"0":{"name":"(anonymous_1)","decl":{"start":{"line":1,"column":13},"end":{"line":1,"column":21}},"loc":{"start":{"line":1,"column":9},"end":{"line":1,"column":13}}},"1":{"name":"(anonymous_2)","decl":{"start":{"line":2,"column":21},"end":{"line":2,"column":29}},"loc":{"start":{"line":2,"column":9},"end":{"line":2,"column":21}}}},"branchMap":{},"s":{"0":0,"1":0,"2":1,"3":1},"f":{"0":0,"1":0},"b":{}}
,"/Users/macbook/Projects/cv_my/ui/components/footer/FooterDeskstop.tsx": {"path":"/Users/macbook/Projects/cv_my/ui/components/footer/FooterDeskstop.tsx","statementMap":{"0":{"start":{"line":105,"column":0},"end":{"line":105,"column":15}},"1":{"start":{"line":1,"column":18},"end":{"line":1,"column":null}},"2":{"start":{"line":2,"column":18},"end":{"line":2,"column":null}},"3":{"start":{"line":5,"column":41},"end":{"line":5,"column":null}},"4":{"start":{"line":6,"column":65},"end":{"line":6,"column":null}},"5":{"start":{"line":8,"column":28},"end":{"line":8,"column":null}},"6":{"start":{"line":9,"column":7},"end":{"line":9,"column":null}},"7":{"start":{"line":10,"column":19},"end":{"line":10,"column":null}},"8":{"start":{"line":11,"column":17},"end":{"line":11,"column":null}},"9":{"start":{"line":12,"column":24},"end":{"line":12,"column":null}},"10":{"start":{"line":14,"column":22},"end":{"line":104,"column":null}},"11":{"start":{"line":15,"column":25},"end":{"line":18,"column":null}},"12":{"start":{"line":16,"column":16},"end":{"line":16,"column":48}},"13":{"start":{"line":17,"column":4},"end":{"line":17,"column":null}},"14":{"start":{"line":20,"column":2},"end":{"line":26,"column":3}},"15":{"start":{"line":28,"column":22},"end":{"line":45,"column":null}},"16":{"start":{"line":47,"column":18},"end":{"line":47,"column":null}},"17":{"start":{"line":67,"column":14},"end":{"line":67,"column":null}},"18":{"start":{"line":105,"column":15},"end":{"line":105,"column":null}}},"fnMap":{"0":{"name":"(anonymous_0)","decl":{"start":{"line":105,"column":0},"end":{"line":105,"column":15}},"loc":{"start":{"line":105,"column":0},"end":{"line":105,"column":15}}},"1":{"name":"(anonymous_2)","decl":{"start":{"line":14,"column":22},"end":{"line":14,"column":28}},"loc":{"start":{"line":14,"column":28},"end":{"line":104,"column":null}}},"2":{"name":"(anonymous_3)","decl":{"start":{"line":15,"column":37},"end":{"line":15,"column":38}},"loc":{"start":{"line":15,"column":59},"end":{"line":18,"column":null}}},"3":{"name":"(anonymous_4)","decl":{"start":{"line":66,"column":29},"end":{"line":66,"column":30}},"loc":{"start":{"line":67,"column":14},"end":{"line":67,"column":null}}}},"branchMap":{"0":{"loc":{"start":{"line":16,"column":16},"end":{"line":16,"column":48}},"type":"binary-expr","locations":[{"start":{"line":16,"column":16},"end":{"line":16,"column":44}},{"start":{"line":16,"column":44},"end":{"line":16,"column":48}}]},"1":{"loc":{"start":{"line":20,"column":2},"end":{"line":26,"column":3}},"type":"if","locations":[{"start":{"line":20,"column":2},"end":{"line":26,"column":3}}]},"2":{"loc":{"start":{"line":31,"column":8},"end":{"line":33,"column":15}},"type":"cond-expr","locations":[{"start":{"line":32,"column":12},"end":{"line":32,"column":null}},{"start":{"line":33,"column":12},"end":{"line":33,"column":15}}]},"3":{"loc":{"start":{"line":39,"column":8},"end":{"line":41,"column":15}},"type":"cond-expr","locations":[{"start":{"line":40,"column":12},"end":{"line":40,"column":null}},{"start":{"line":41,"column":12},"end":{"line":41,"column":15}}]},"4":{"loc":{"start":{"line":56,"column":16},"end":{"line":56,"column":null}},"type":"binary-expr","locations":[{"start":{"line":56,"column":16},"end":{"line":56,"column":50}},{"start":{"line":56,"column":50},"end":{"line":56,"column":null}}]},"5":{"loc":{"start":{"line":61,"column":15},"end":{"line":61,"column":null}},"type":"binary-expr","locations":[{"start":{"line":61,"column":15},"end":{"line":61,"column":49}},{"start":{"line":61,"column":49},"end":{"line":61,"column":null}}]}},"s":{"0":10,"1":1,"2":1,"3":1,"4":1,"5":1,"6":1,"7":1,"8":1,"9":1,"10":1,"11":10,"12":17,"13":17,"14":10,"15":0,"16":0,"17":0,"18":1},"f":{"0":10,"1":10,"2":17,"3":0},"b":{"0":[17,0],"1":[10],"2":[0,0],"3":[0,0],"4":[0,0],"5":[0,0]}}
,"/Users/macbook/Projects/cv_my/ui/components/footer/FooterMobile.tsx": {"path":"/Users/macbook/Projects/cv_my/ui/components/footer/FooterMobile.tsx","statementMap":{"0":{"start":{"line":89,"column":0},"end":{"line":89,"column":15}},"1":{"start":{"line":1,"column":18},"end":{"line":1,"column":null}},"2":{"start":{"line":4,"column":35},"end":{"line":4,"column":null}},"3":{"start":{"line":6,"column":28},"end":{"line":6,"column":null}},"4":{"start":{"line":7,"column":17},"end":{"line":7,"column":null}},"5":{"start":{"line":8,"column":27},"end":{"line":8,"column":null}},"6":{"start":{"line":9,"column":38},"end":{"line":9,"column":null}},"7":{"start":{"line":12,"column":24},"end":{"line":12,"column":null}},"8":{"start":{"line":23,"column":21},"end":{"line":88,"column":null}},"9":{"start":{"line":31,"column":25},"end":{"line":34,"column":null}},"10":{"start":{"line":32,"column":16},"end":{"line":32,"column":48}},"11":{"start":{"line":33,"column":4},"end":{"line":33,"column":null}},"12":{"start":{"line":35,"column":3},"end":{"line":39,"column":3}},"13":{"start":{"line":52,"column":25},"end":{"line":52,"column":null}},"14":{"start":{"line":66,"column":25},"end":{"line":66,"column":null}},"15":{"start":{"line":74,"column":27},"end":{"line":74,"column":null}},"16":{"start":{"line":89,"column":15},"end":{"line":89,"column":null}}},"fnMap":{"0":{"name":"(anonymous_0)","decl":{"start":{"line":89,"column":0},"end":{"line":89,"column":15}},"loc":{"start":{"line":89,"column":0},"end":{"line":89,"column":15}}},"1":{"name":"(anonymous_2)","decl":{"start":{"line":23,"column":21},"end":{"line":23,"column":22}},"loc":{"start":{"line":30,"column":26},"end":{"line":88,"column":null}}},"2":{"name":"(anonymous_3)","decl":{"start":{"line":31,"column":37},"end":{"line":31,"column":38}},"loc":{"start":{"line":31,"column":59},"end":{"line":34,"column":null}}},"3":{"name":"(anonymous_4)","decl":{"start":{"line":52,"column":19},"end":{"line":52,"column":25}},"loc":{"start":{"line":52,"column":25},"end":{"line":52,"column":null}}},"4":{"name":"(anonymous_5)","decl":{"start":{"line":66,"column":19},"end":{"line":66,"column":25}},"loc":{"start":{"line":66,"column":25},"end":{"line":66,"column":null}}},"5":{"name":"(anonymous_6)","decl":{"start":{"line":74,"column":21},"end":{"line":74,"column":27}},"loc":{"start":{"line":74,"column":27},"end":{"line":74,"column":null}}}},"branchMap":{"0":{"loc":{"start":{"line":32,"column":16},"end":{"line":32,"column":48}},"type":"binary-expr","locations":[{"start":{"line":32,"column":16},"end":{"line":32,"column":44}},{"start":{"line":32,"column":44},"end":{"line":32,"column":48}}]},"1":{"loc":{"start":{"line":35,"column":3},"end":{"line":39,"column":3}},"type":"if","locations":[{"start":{"line":35,"column":3},"end":{"line":39,"column":3}}]},"2":{"loc":{"start":{"line":43,"column":14},"end":{"line":43,"column":41}},"type":"cond-expr","locations":[{"start":{"line":43,"column":25},"end":{"line":43,"column":34}},{"start":{"line":43,"column":34},"end":{"line":43,"column":41}}]},"3":{"loc":{"start":{"line":45,"column":17},"end":{"line":45,"column":50}},"type":"cond-expr","locations":[{"start":{"line":45,"column":28},"end":{"line":45,"column":43}},{"start":{"line":45,"column":43},"end":{"line":45,"column":50}}]},"4":{"loc":{"start":{"line":50,"column":16},"end":{"line":50,"column":40}},"type":"cond-expr","locations":[{"start":{"line":50,"column":26},"end":{"line":50,"column":35}},{"start":{"line":50,"column":35},"end":{"line":50,"column":40}}]},"5":{"loc":{"start":{"line":76,"column":11},"end":{"line":76,"column":null}},"type":"binary-expr","locations":[{"start":{"line":76,"column":11},"end":{"line":76,"column":null}}]}},"s":{"0":10,"1":1,"2":1,"3":1,"4":1,"5":1,"6":1,"7":1,"8":1,"9":10,"10":17,"11":17,"12":10,"13":0,"14":0,"15":0,"16":1},"f":{"0":10,"1":10,"2":17,"3":0,"4":0,"5":0},"b":{"0":[17,0],"1":[10],"2":[0,0],"3":[0,0],"4":[0,0],"5":[0]}}
,"/Users/macbook/Projects/cv_my/ui/components/footer/styles.tsx": {"path":"/Users/macbook/Projects/cv_my/ui/components/footer/styles.tsx","statementMap":{"0":{"start":{"line":6,"column":13},"end":{"line":6,"column":31}},"1":{"start":{"line":36,"column":13},"end":{"line":36,"column":32}},"2":{"start":{"line":112,"column":13},"end":{"line":112,"column":28}},"3":{"start":{"line":171,"column":13},"end":{"line":171,"column":23}},"4":{"start":{"line":1,"column":40},"end":{"line":1,"column":null}},"5":{"start":{"line":2,"column":23},"end":{"line":2,"column":null}},"6":{"start":{"line":4,"column":19},"end":{"line":4,"column":null}},"7":{"start":{"line":6,"column":34},"end":{"line":34,"column":1}},"8":{"start":{"line":18,"column":39},"end":{"line":18,"column":63}},"9":{"start":{"line":19,"column":31},"end":{"line":19,"column":47}},"10":{"start":{"line":21,"column":4},"end":{"line":21,"column":66}},"11":{"start":{"line":36,"column":35},"end":{"line":110,"column":1}},"12":{"start":{"line":40,"column":39},"end":{"line":40,"column":63}},"13":{"start":{"line":41,"column":31},"end":{"line":41,"column":47}},"14":{"start":{"line":43,"column":4},"end":{"line":43,"column":66}},"15":{"start":{"line":50,"column":28},"end":{"line":50,"column":46}},"16":{"start":{"line":51,"column":39},"end":{"line":51,"column":55}},"17":{"start":{"line":112,"column":31},"end":{"line":170,"column":1}},"18":{"start":{"line":171,"column":26},"end":{"line":189,"column":1}}},"fnMap":{"0":{"name":"(anonymous_1)","decl":{"start":{"line":6,"column":31},"end":{"line":6,"column":34}},"loc":{"start":{"line":6,"column":13},"end":{"line":6,"column":31}}},"1":{"name":"(anonymous_2)","decl":{"start":{"line":36,"column":32},"end":{"line":36,"column":35}},"loc":{"start":{"line":36,"column":13},"end":{"line":36,"column":32}}},"2":{"name":"(anonymous_3)","decl":{"start":{"line":112,"column":28},"end":{"line":112,"column":31}},"loc":{"start":{"line":112,"column":13},"end":{"line":112,"column":28}}},"3":{"name":"(anonymous_4)","decl":{"start":{"line":171,"column":23},"end":{"line":171,"column":26}},"loc":{"start":{"line":171,"column":13},"end":{"line":171,"column":23}}},"4":{"name":"(anonymous_6)","decl":{"start":{"line":18,"column":24},"end":{"line":18,"column":25}},"loc":{"start":{"line":18,"column":39},"end":{"line":18,"column":63}}},"5":{"name":"(anonymous_7)","decl":{"start":{"line":19,"column":16},"end":{"line":19,"column":17}},"loc":{"start":{"line":19,"column":31},"end":{"line":19,"column":47}}},"6":{"name":"(anonymous_8)","decl":{"start":{"line":20,"column":4},"end":{"line":20,"column":5}},"loc":{"start":{"line":21,"column":4},"end":{"line":21,"column":66}}},"7":{"name":"(anonymous_9)","decl":{"start":{"line":40,"column":24},"end":{"line":40,"column":25}},"loc":{"start":{"line":40,"column":39},"end":{"line":40,"column":63}}},"8":{"name":"(anonymous_10)","decl":{"start":{"line":41,"column":16},"end":{"line":41,"column":17}},"loc":{"start":{"line":41,"column":31},"end":{"line":41,"column":47}}},"9":{"name":"(anonymous_11)","decl":{"start":{"line":42,"column":4},"end":{"line":42,"column":5}},"loc":{"start":{"line":43,"column":4},"end":{"line":43,"column":66}}},"10":{"name":"(anonymous_12)","decl":{"start":{"line":50,"column":13},"end":{"line":50,"column":14}},"loc":{"start":{"line":50,"column":28},"end":{"line":50,"column":46}}},"11":{"name":"(anonymous_13)","decl":{"start":{"line":51,"column":24},"end":{"line":51,"column":25}},"loc":{"start":{"line":51,"column":39},"end":{"line":51,"column":55}}}},"branchMap":{},"s":{"0":0,"1":0,"2":0,"3":0,"4":1,"5":1,"6":1,"7":1,"8":0,"9":0,"10":0,"11":1,"12":0,"13":0,"14":0,"15":0,"16":0,"17":1,"18":1},"f":{"0":0,"1":0,"2":0,"3":0,"4":0,"5":0,"6":0,"7":0,"8":0,"9":0,"10":0,"11":0},"b":{}}
,"/Users/macbook/Projects/cv_my/ui/mocks/handlers.ts": {"path":"/Users/macbook/Projects/cv_my/ui/mocks/handlers.ts","statementMap":{"0":{"start":{"line":9,"column":13},"end":{"line":9,"column":24}},"1":{"start":{"line":1,"column":21},"end":{"line":1,"column":null}},"2":{"start":{"line":5,"column":61},"end":{"line":5,"column":null}},"3":{"start":{"line":7,"column":16},"end":{"line":7,"column":54}},"4":{"start":{"line":9,"column":24},"end":{"line":47,"column":null}},"5":{"start":{"line":11,"column":17},"end":{"line":11,"column":25}},"6":{"start":{"line":13,"column":4},"end":{"line":18,"column":5}},"7":{"start":{"line":17,"column":6},"end":{"line":17,"column":null}},"8":{"start":{"line":20,"column":4},"end":{"line":20,"column":null}},"9":{"start":{"line":24,"column":4},"end":{"line":26,"column":5}},"10":{"start":{"line":25,"column":6},"end":{"line":25,"column":null}},"11":{"start":{"line":28,"column":4},"end":{"line":28,"column":null}},"12":{"start":{"line":34,"column":19},"end":{"line":34,"column":27}},"13":{"start":{"line":36,"column":6},"end":{"line":42,"column":7}},"14":{"start":{"line":41,"column":8},"end":{"line":41,"column":null}},"15":{"start":{"line":44,"column":6},"end":{"line":44,"column":null}}},"fnMap":{"0":{"name":"(anonymous_0)","decl":{"start":{"line":9,"column":13},"end":{"line":9,"column":24}},"loc":{"start":{"line":9,"column":13},"end":{"line":9,"column":24}}},"1":{"name":"(anonymous_1)","decl":{"start":{"line":10,"column":48},"end":{"line":10,"column":49}},"loc":{"start":{"line":10,"column":67},"end":{"line":21,"column":null}}},"2":{"name":"(anonymous_2)","decl":{"start":{"line":23,"column":34},"end":{"line":23,"column":35}},"loc":{"start":{"line":23,"column":53},"end":{"line":29,"column":null}}},"3":{"name":"(anonymous_3)","decl":{"start":{"line":33,"column":4},"end":{"line":33,"column":5}},"loc":{"start":{"line":33,"column":23},"end":{"line":45,"column":null}}}},"branchMap":{"0":{"loc":{"start":{"line":13,"column":4},"end":{"line":18,"column":5}},"type":"if","locations":[{"start":{"line":13,"column":4},"end":{"line":18,"column":5}}]},"1":{"loc":{"start":{"line":14,"column":6},"end":{"line":15,"column":46}},"type":"binary-expr","locations":[{"start":{"line":14,"column":6},"end":{"line":14,"column":45}},{"start":{"line":15,"column":6},"end":{"line":15,"column":46}}]},"2":{"loc":{"start":{"line":24,"column":4},"end":{"line":26,"column":5}},"type":"if","locations":[{"start":{"line":24,"column":4},"end":{"line":26,"column":5}}]},"3":{"loc":{"start":{"line":36,"column":6},"end":{"line":42,"column":7}},"type":"if","locations":[{"start":{"line":36,"column":6},"end":{"line":42,"column":7}}]},"4":{"loc":{"start":{"line":37,"column":8},"end":{"line":39,"column":48}},"type":"binary-expr","locations":[{"start":{"line":37,"column":8},"end":{"line":37,"column":42}},{"start":{"line":38,"column":8},"end":{"line":38,"column":48}},{"start":{"line":39,"column":8},"end":{"line":39,"column":48}}]}},"s":{"0":1,"1":1,"2":1,"3":1,"4":1,"5":0,"6":0,"7":0,"8":0,"9":0,"10":0,"11":0,"12":0,"13":0,"14":0,"15":0},"f":{"0":1,"1":0,"2":0,"3":0},"b":{"0":[0],"1":[0,0],"2":[0],"3":[0],"4":[0,0,0]}}
,"/Users/macbook/Projects/cv_my/ui/mocks/server.ts": {"path":"/Users/macbook/Projects/cv_my/ui/mocks/server.ts","statementMap":{"0":{"start":{"line":7,"column":13},"end":{"line":7,"column":22}},"1":{"start":{"line":1,"column":28},"end":{"line":1,"column":null}},"2":{"start":{"line":3,"column":25},"end":{"line":3,"column":null}},"3":{"start":{"line":7,"column":22},"end":{"line":7,"column":null}}},"fnMap":{"0":{"name":"(anonymous_0)","decl":{"start":{"line":7,"column":13},"end":{"line":7,"column":22}},"loc":{"start":{"line":7,"column":13},"end":{"line":7,"column":22}}}},"branchMap":{},"s":{"0":5,"1":1,"2":1,"3":1},"f":{"0":5},"b":{}}
,"/Users/macbook/Projects/cv_my/ui/mocks/user.ts": {"path":"/Users/macbook/Projects/cv_my/ui/mocks/user.ts","statementMap":{"0":{"start":{"line":1,"column":13},"end":{"line":1,"column":21}},"1":{"start":{"line":17,"column":13},"end":{"line":17,"column":28}},"2":{"start":{"line":26,"column":13},"end":{"line":26,"column":30}},"3":{"start":{"line":1,"column":24},"end":{"line":15,"column":null}},"4":{"start":{"line":17,"column":31},"end":{"line":24,"column":null}},"5":{"start":{"line":26,"column":33},"end":{"line":33,"column":null}}},"fnMap":{"0":{"name":"(anonymous_1)","decl":{"start":{"line":1,"column":21},"end":{"line":1,"column":24}},"loc":{"start":{"line":1,"column":13},"end":{"line":1,"column":21}}},"1":{"name":"(anonymous_2)","decl":{"start":{"line":17,"column":28},"end":{"line":17,"column":31}},"loc":{"start":{"line":17,"column":13},"end":{"line":17,"column":28}}},"2":{"name":"(anonymous_3)","decl":{"start":{"line":26,"column":30},"end":{"line":26,"column":33}},"loc":{"start":{"line":26,"column":13},"end":{"line":26,"column":30}}}},"branchMap":{},"s":{"0":3,"1":0,"2":0,"3":1,"4":1,"5":1},"f":{"0":3,"1":0,"2":0},"b":{}}
,"/Users/macbook/Projects/cv_my/ui/pages/user/index.tsx": {"path":"/Users/macbook/Projects/cv_my/ui/pages/user/index.tsx","statementMap":{"0":{"start":{"line":18,"column":13},"end":{"line":18,"column":31}},"1":{"start":{"line":106,"column":0},"end":{"line":106,"column":15}},"2":{"start":{"line":1,"column":26},"end":{"line":1,"column":null}},"3":{"start":{"line":2,"column":36},"end":{"line":2,"column":null}},"4":{"start":{"line":3,"column":41},"end":{"line":3,"column":null}},"5":{"start":{"line":6,"column":35},"end":{"line":6,"column":null}},"6":{"start":{"line":8,"column":29},"end":{"line":8,"column":null}},"7":{"start":{"line":9,"column":23},"end":{"line":9,"column":null}},"8":{"start":{"line":13,"column":27},"end":{"line":13,"column":null}},"9":{"start":{"line":14,"column":40},"end":{"line":14,"column":null}},"10":{"start":{"line":18,"column":54},"end":{"line":46,"column":null}},"11":{"start":{"line":19,"column":20},"end":{"line":19,"column":null}},"12":{"start":{"line":21,"column":18},"end":{"line":21,"column":59}},"13":{"start":{"line":22,"column":2},"end":{"line":28,"column":3}},"14":{"start":{"line":23,"column":4},"end":{"line":27,"column":null}},"15":{"start":{"line":29,"column":42},"end":{"line":29,"column":null}},"16":{"start":{"line":31,"column":17},"end":{"line":31,"column":null}},"17":{"start":{"line":33,"column":2},"end":{"line":39,"column":3}},"18":{"start":{"line":34,"column":4},"end":{"line":38,"column":null}},"19":{"start":{"line":41,"column":2},"end":{"line":45,"column":null}},"20":{"start":{"line":48,"column":64},"end":{"line":104,"column":null}},"21":{"start":{"line":52,"column":17},"end":{"line":52,"column":null}},"22":{"start":{"line":53,"column":20},"end":{"line":53,"column":32}},"23":{"start":{"line":54,"column":30},"end":{"line":54,"column":null}},"24":{"start":{"line":55,"column":28},"end":{"line":55,"column":null}},"25":{"start":{"line":57,"column":2},"end":{"line":60,"column":null}},"26":{"start":{"line":58,"column":4},"end":{"line":58,"column":null}},"27":{"start":{"line":59,"column":4},"end":{"line":59,"column":null}},"28":{"start":{"line":62,"column":39},"end":{"line":65,"column":null}},"29":{"start":{"line":66,"column":19},"end":{"line":66,"column":null}},"30":{"start":{"line":68,"column":2},"end":{"line":73,"column":null}},"31":{"start":{"line":69,"column":4},"end":{"line":72,"column":5}},"32":{"start":{"line":70,"column":6},"end":{"line":70,"column":null}},"33":{"start":{"line":71,"column":6},"end":{"line":71,"column":null}},"34":{"start":{"line":75,"column":24},"end":{"line":78,"column":null}},"35":{"start":{"line":76,"column":4},"end":{"line":76,"column":null}},"36":{"start":{"line":77,"column":4},"end":{"line":77,"column":null}},"37":{"start":{"line":80,"column":2},"end":{"line":103,"column":null}},"38":{"start":{"line":88,"column":12},"end":{"line":89,"column":null}},"39":{"start":{"line":106,"column":15},"end":{"line":106,"column":20}}},"fnMap":{"0":{"name":"(anonymous_1)","decl":{"start":{"line":18,"column":31},"end":{"line":18,"column":54}},"loc":{"start":{"line":18,"column":13},"end":{"line":18,"column":31}}},"1":{"name":"(anonymous_2)","decl":{"start":{"line":106,"column":20},"end":{"line":106,"column":null}},"loc":{"start":{"line":106,"column":0},"end":{"line":106,"column":15}}},"2":{"name":"(anonymous_3)","decl":{"start":{"line":18,"column":54},"end":{"line":18,"column":61}},"loc":{"start":{"line":18,"column":73},"end":{"line":46,"column":null}}},"3":{"name":"(anonymous_4)","decl":{"start":{"line":48,"column":64},"end":{"line":48,"column":65}},"loc":{"start":{"line":51,"column":6},"end":{"line":104,"column":null}}},"4":{"name":"(anonymous_5)","decl":{"start":{"line":57,"column":12},"end":{"line":57,"column":18}},"loc":{"start":{"line":57,"column":18},"end":{"line":60,"column":5}}},"5":{"name":"(anonymous_6)","decl":{"start":{"line":68,"column":12},"end":{"line":68,"column":18}},"loc":{"start":{"line":68,"column":18},"end":{"line":73,"column":5}}},"6":{"name":"(anonymous_7)","decl":{"start":{"line":75,"column":24},"end":{"line":75,"column":30}},"loc":{"start":{"line":75,"column":30},"end":{"line":78,"column":null}}},"7":{"name":"(anonymous_8)","decl":{"start":{"line":87,"column":22},"end":{"line":87,"column":23}},"loc":{"start":{"line":87,"column":51},"end":{"line":93,"column":null}}}},"branchMap":{"0":{"loc":{"start":{"line":21,"column":18},"end":{"line":21,"column":59}},"type":"binary-expr","locations":[{"start":{"line":21,"column":19},"end":{"line":21,"column":50}},{"start":{"line":21,"column":55},"end":{"line":21,"column":59}}]},"1":{"loc":{"start":{"line":22,"column":2},"end":{"line":28,"column":3}},"type":"if","locations":[{"start":{"line":22,"column":2},"end":{"line":28,"column":3}}]},"2":{"loc":{"start":{"line":33,"column":2},"end":{"line":39,"column":3}},"type":"if","locations":[{"start":{"line":33,"column":2},"end":{"line":39,"column":3}}]},"3":{"loc":{"start":{"line":33,"column":6},"end":{"line":33,"column":49}},"type":"binary-expr","locations":[{"start":{"line":33,"column":6},"end":{"line":33,"column":17}},{"start":{"line":33,"column":17},"end":{"line":33,"column":33}},{"start":{"line":33,"column":33},"end":{"line":33,"column":45}}]},"4":{"loc":{"start":{"line":69,"column":4},"end":{"line":72,"column":5}},"type":"if","locations":[{"start":{"line":69,"column":4},"end":{"line":72,"column":5}}]},"5":{"loc":{"start":{"line":69,"column":8},"end":{"line":69,"column":37}},"type":"binary-expr","locations":[{"start":{"line":69,"column":8},"end":{"line":69,"column":21}},{"start":{"line":69,"column":21},"end":{"line":69,"column":37}}]},"6":{"loc":{"start":{"line":80,"column":9},"end":{"line":103,"column":null}},"type":"cond-expr","locations":[{"start":{"line":81,"column":4},"end":{"line":100,"column":5}},{"start":{"line":100,"column":4},"end":{"line":103,"column":null}}]},"7":{"loc":{"start":{"line":80,"column":9},"end":{"line":80,"column":null}},"type":"binary-expr","locations":[{"start":{"line":80,"column":9},"end":{"line":80,"column":21}},{"start":{"line":80,"column":21},"end":{"line":80,"column":30}},{"start":{"line":80,"column":30},"end":{"line":80,"column":null}}]}},"s":{"0":0,"1":3,"2":1,"3":1,"4":1,"5":1,"6":1,"7":1,"8":1,"9":1,"10":1,"11":0,"12":0,"13":0,"14":0,"15":0,"16":0,"17":0,"18":0,"19":0,"20":1,"21":10,"22":10,"23":10,"24":10,"25":10,"26":3,"27":3,"28":10,"29":10,"30":10,"31":3,"32":1,"33":1,"34":10,"35":0,"36":0,"37":10,"38":0,"39":1},"f":{"0":0,"1":3,"2":0,"3":10,"4":3,"5":3,"6":0,"7":0},"b":{"0":[0,0],"1":[0],"2":[0],"3":[0,0,0],"4":[1],"5":[3,2],"6":[0,10],"7":[10,6,0]}}
[...]
,"/Users/macbook/Projects/cv_my/ui/services/cartSlice.ts": {"path":"/Users/macbook/Projects/cv_my/ui/services/cartSlice.ts","statementMap":{"0":{"start":{"line":38,"column":13},"end":{"line":38,"column":25}},"1":{"start":{"line":43,"column":13},"end":{"line":43,"column":22}},"2":{"start":{"line":68,"column":15},"end":{"line":68,"column":22}},"3":{"start":{"line":68,"column":24},"end":{"line":68,"column":37}},"4":{"start":{"line":68,"column":39},"end":{"line":68,"column":48}},"5":{"start":{"line":68,"column":50},"end":{"line":68,"column":63}},"6":{"start":{"line":70,"column":0},"end":{"line":70,"column":15}},"7":{"start":{"line":6,"column":7},"end":{"line":6,"column":null}},"8":{"start":{"line":38,"column":39},"end":{"line":41,"column":null}},"9":{"start":{"line":43,"column":25},"end":{"line":65,"column":null}},"10":{"start":{"line":48,"column":12},"end":{"line":48,"column":null}},"11":{"start":{"line":49,"column":12},"end":{"line":49,"column":null}},"12":{"start":{"line":52,"column":12},"end":{"line":52,"column":null}},"13":{"start":{"line":52,"column":56},"end":{"line":52,"column":88}},"14":{"start":{"line":55,"column":12},"end":{"line":55,"column":null}},"15":{"start":{"line":59,"column":26},"end":{"line":59,"column":null}},"16":{"start":{"line":59,"column":60},"end":{"line":59,"column":92}},"17":{"start":{"line":61,"column":12},"end":{"line":61,"column":null}},"18":{"start":{"line":68,"column":68},"end":{"line":68,"column":85}},"19":{"start":{"line":70,"column":15},"end":{"line":70,"column":32}},"20":{"start":{"line":72,"column":16},"end":{"line":72,"column":54}},"21":{"start":{"line":74,"column":30},"end":{"line":78,"column":null}},"22":{"start":{"line":75,"column":4},"end":{"line":75,"column":null}},"23":{"start":{"line":76,"column":4},"end":{"line":76,"column":null}},"24":{"start":{"line":80,"column":32},"end":{"line":85,"column":null}},"25":{"start":{"line":81,"column":25},"end":{"line":81,"column":null}},"26":{"start":{"line":82,"column":4},"end":{"line":82,"column":null}},"27":{"start":{"line":83,"column":4},"end":{"line":83,"column":null}}},"fnMap":{"0":{"name":"(anonymous_1)","decl":{"start":{"line":38,"column":25},"end":{"line":38,"column":39}},"loc":{"start":{"line":38,"column":13},"end":{"line":38,"column":25}}},"1":{"name":"(anonymous_2)","decl":{"start":{"line":43,"column":22},"end":{"line":43,"column":25}},"loc":{"start":{"line":43,"column":13},"end":{"line":43,"column":22}}},"2":{"name":"(anonymous_3)","decl":{"start":{"line":68,"column":22},"end":{"line":68,"column":24}},"loc":{"start":{"line":68,"column":15},"end":{"line":68,"column":22}}},"3":{"name":"(anonymous_4)","decl":{"start":{"line":68,"column":37},"end":{"line":68,"column":39}},"loc":{"start":{"line":68,"column":24},"end":{"line":68,"column":37}}},"4":{"name":"(anonymous_5)","decl":{"start":{"line":68,"column":48},"end":{"line":68,"column":50}},"loc":{"start":{"line":68,"column":39},"end":{"line":68,"column":48}}},"5":{"name":"(anonymous_6)","decl":{"start":{"line":68,"column":63},"end":{"line":68,"column":65}},"loc":{"start":{"line":68,"column":50},"end":{"line":68,"column":63}}},"6":{"name":"(anonymous_7)","decl":{"start":{"line":70,"column":33},"end":{"line":70,"column":null}},"loc":{"start":{"line":70,"column":0},"end":{"line":70,"column":15}}},"7":{"name":"(anonymous_8)","decl":{"start":{"line":47,"column":17},"end":{"line":47,"column":18}},"loc":{"start":{"line":47,"column":36},"end":{"line":50,"column":null}}},"8":{"name":"(anonymous_9)","decl":{"start":{"line":51,"column":23},"end":{"line":51,"column":24}},"loc":{"start":{"line":51,"column":42},"end":{"line":53,"column":null}}},"9":{"name":"(anonymous_10)","decl":{"start":{"line":52,"column":43},"end":{"line":52,"column":44}},"loc":{"start":{"line":52,"column":56},"end":{"line":52,"column":88}}},"10":{"name":"(anonymous_11)","decl":{"start":{"line":54,"column":19},"end":{"line":54,"column":20}},"loc":{"start":{"line":54,"column":30},"end":{"line":57,"column":null}}},"11":{"name":"(anonymous_12)","decl":{"start":{"line":58,"column":23},"end":{"line":58,"column":24}},"loc":{"start":{"line":58,"column":42},"end":{"line":63,"column":null}}},"12":{"name":"(anonymous_13)","decl":{"start":{"line":59,"column":47},"end":{"line":59,"column":48}},"loc":{"start":{"line":59,"column":60},"end":{"line":59,"column":92}}},"13":{"name":"(anonymous_14)","decl":{"start":{"line":74,"column":30},"end":{"line":74,"column":36}},"loc":{"start":{"line":74,"column":36},"end":{"line":78,"column":null}}},"14":{"name":"(anonymous_15)","decl":{"start":{"line":80,"column":32},"end":{"line":80,"column":33}},"loc":{"start":{"line":80,"column":57},"end":{"line":85,"column":null}}}},"branchMap":{},"s":{"0":0,"1":1,"2":0,"3":0,"4":0,"5":0,"6":0,"7":1,"8":1,"9":1,"10":0,"11":0,"12":0,"13":0,"14":0,"15":0,"16":0,"17":0,"18":1,"19":1,"20":1,"21":1,"22":0,"23":0,"24":1,"25":0,"26":0,"27":0},"f":{"0":0,"1":1,"2":0,"3":0,"4":0,"5":0,"6":0,"7":0,"8":0,"9":0,"10":0,"11":0,"12":0,"13":0,"14":0},"b":{}}
,"/Users/macbook/Projects/cv_my/ui/services/userSlice.ts": {"path":"/Users/macbook/Projects/cv_my/ui/services/userSlice.ts","statementMap":{"0":{"start":{"line":34,"column":13},"end":{"line":34,"column":25}},"1":{"start":{"line":41,"column":13},"end":{"line":41,"column":22}},"2":{"start":{"line":79,"column":15},"end":{"line":79,"column":22}},"3":{"start":{"line":79,"column":24},"end":{"line":79,"column":31}},"4":{"start":{"line":81,"column":13},"end":{"line":81,"column":23}},"5":{"start":{"line":125,"column":13},"end":{"line":125,"column":18}},"6":{"start":{"line":150,"column":13},"end":{"line":150,"column":19}},"7":{"start":{"line":154,"column":13},"end":{"line":154,"column":25}},"8":{"start":{"line":6,"column":7},"end":{"line":6,"column":null}},"9":{"start":{"line":34,"column":39},"end":{"line":39,"column":null}},"10":{"start":{"line":41,"column":25},"end":{"line":77,"column":null}},"11":{"start":{"line":47,"column":4},"end":{"line":47,"column":null}},"12":{"start":{"line":47,"column":44},"end":{"line":47,"column":null}},"13":{"start":{"line":50,"column":4},"end":{"line":74,"column":null}},"14":{"start":{"line":52,"column":20},"end":{"line":52,"column":null}},"15":{"start":{"line":54,"column":10},"end":{"line":54,"column":null}},"16":{"start":{"line":55,"column":10},"end":{"line":55,"column":null}},"17":{"start":{"line":56,"column":10},"end":{"line":56,"column":null}},"18":{"start":{"line":57,"column":10},"end":{"line":57,"column":null}},"19":{"start":{"line":58,"column":10},"end":{"line":58,"column":null}},"20":{"start":{"line":59,"column":10},"end":{"line":59,"column":null}},"21":{"start":{"line":63,"column":20},"end":{"line":63,"column":null}},"22":{"start":{"line":65,"column":10},"end":{"line":65,"column":null}},"23":{"start":{"line":69,"column":20},"end":{"line":69,"column":null}},"24":{"start":{"line":71,"column":32},"end":{"line":71,"column":null}},"25":{"start":{"line":72,"column":10},"end":{"line":72,"column":null}},"26":{"start":{"line":73,"column":10},"end":{"line":73,"column":null}},"27":{"start":{"line":79,"column":36},"end":{"line":79,"column":null}},"28":{"start":{"line":81,"column":26},"end":{"line":81,"column":null}},"29":{"start":{"line":81,"column":51},"end":{"line":81,"column":null}},"30":{"start":{"line":83,"column":16},"end":{"line":83,"column":54}},"31":{"start":{"line":85,"column":38},"end":{"line":90,"column":null}},"32":{"start":{"line":86,"column":2},"end":{"line":86,"column":null}},"33":{"start":{"line":87,"column":2},"end":{"line":87,"column":null}},"34":{"start":{"line":88,"column":2},"end":{"line":88,"column":null}},"35":{"start":{"line":89,"column":2},"end":{"line":89,"column":null}},"36":{"start":{"line":92,"column":36},"end":{"line":97,"column":null}},"37":{"start":{"line":93,"column":2},"end":{"line":93,"column":null}},"38":{"start":{"line":94,"column":2},"end":{"line":94,"column":null}},"39":{"start":{"line":95,"column":2},"end":{"line":95,"column":null}},"40":{"start":{"line":96,"column":2},"end":{"line":96,"column":null}},"41":{"start":{"line":99,"column":22},"end":{"line":121,"column":null}},"42":{"start":{"line":103,"column":2},"end":{"line":110,"column":3}},"43":{"start":{"line":104,"column":4},"end":{"line":109,"column":null}},"44":{"start":{"line":111,"column":2},"end":{"line":119,"column":3}},"45":{"start":{"line":112,"column":4},"end":{"line":118,"column":null}},"46":{"start":{"line":120,"column":2},"end":{"line":120,"column":43}},"47":{"start":{"line":125,"column":21},"end":{"line":147,"column":null}},"48":{"start":{"line":128,"column":4},"end":{"line":146,"column":null}},"49":{"start":{"line":129,"column":18},"end":{"line":129,"column":null}},"50":{"start":{"line":130,"column":23},"end":{"line":130,"column":null}},"51":{"start":{"line":132,"column":19},"end":{"line":132,"column":null}},"52":{"start":{"line":134,"column":6},"end":{"line":137,"column":7}},"53":{"start":{"line":135,"column":8},"end":{"line":135,"column":null}},"54":{"start":{"line":136,"column":8},"end":{"line":136,"column":null}},"55":{"start":{"line":139,"column":22},"end":{"line":139,"column":54}},"56":{"start":{"line":141,"column":6},"end":{"line":141,"column":null}},"57":{"start":{"line":142,"column":6},"end":{"line":142,"column":null}},"58":{"start":{"line":144,"column":6},"end":{"line":144,"column":null}},"59":{"start":{"line":145,"column":6},"end":{"line":145,"column":null}},"60":{"start":{"line":150,"column":22},"end":{"line":151,"column":null}},"61":{"start":{"line":151,"column":2},"end":{"line":151,"column":null}},"62":{"start":{"line":154,"column":28},"end":{"line":178,"column":null}},"63":{"start":{"line":157,"column":4},"end":{"line":177,"column":null}},"64":{"start":{"line":158,"column":23},"end":{"line":164,"column":null}},"65":{"start":{"line":166,"column":21},"end":{"line":166,"column":null}},"66":{"start":{"line":168,"column":6},"end":{"line":170,"column":7}},"67":{"start":{"line":169,"column":8},"end":{"line":169,"column":null}},"68":{"start":{"line":172,"column":6},"end":{"line":172,"column":null}},"69":{"start":{"line":174,"column":6},"end":{"line":174,"column":null}},"70":{"start":{"line":176,"column":6},"end":{"line":176,"column":null}}},"fnMap":{"0":{"name":"(anonymous_1)","decl":{"start":{"line":34,"column":25},"end":{"line":34,"column":39}},"loc":{"start":{"line":34,"column":13},"end":{"line":34,"column":25}}},"1":{"name":"(anonymous_2)","decl":{"start":{"line":41,"column":22},"end":{"line":41,"column":25}},"loc":{"start":{"line":41,"column":13},"end":{"line":41,"column":22}}},"2":{"name":"(anonymous_3)","decl":{"start":{"line":79,"column":22},"end":{"line":79,"column":24}},"loc":{"start":{"line":79,"column":15},"end":{"line":79,"column":22}}},"3":{"name":"(anonymous_4)","decl":{"start":{"line":79,"column":31},"end":{"line":79,"column":33}},"loc":{"start":{"line":79,"column":24},"end":{"line":79,"column":31}}},"4":{"name":"(anonymous_5)","decl":{"start":{"line":81,"column":23},"end":{"line":81,"column":26}},"loc":{"start":{"line":81,"column":13},"end":{"line":81,"column":23}}},"5":{"name":"(anonymous_6)","decl":{"start":{"line":125,"column":18},"end":{"line":125,"column":21}},"loc":{"start":{"line":125,"column":13},"end":{"line":125,"column":18}}},"6":{"name":"(anonymous_7)","decl":{"start":{"line":150,"column":19},"end":{"line":150,"column":22}},"loc":{"start":{"line":150,"column":13},"end":{"line":150,"column":19}}},"7":{"name":"(anonymous_8)","decl":{"start":{"line":154,"column":25},"end":{"line":154,"column":28}},"loc":{"start":{"line":154,"column":13},"end":{"line":154,"column":25}}},"8":{"name":"(anonymous_9)","decl":{"start":{"line":45,"column":17},"end":{"line":45,"column":18}},"loc":{"start":{"line":45,"column":30},"end":{"line":76,"column":null}}},"9":{"name":"(anonymous_10)","decl":{"start":{"line":47,"column":38},"end":{"line":47,"column":44}},"loc":{"start":{"line":47,"column":44},"end":{"line":47,"column":null}}},"10":{"name":"(anonymous_11)","decl":{"start":{"line":52,"column":8},"end":{"line":52,"column":9}},"loc":{"start":{"line":52,"column":20},"end":{"line":52,"column":null}}},"11":{"name":"(anonymous_12)","decl":{"start":{"line":53,"column":8},"end":{"line":53,"column":9}},"loc":{"start":{"line":53,"column":32},"end":{"line":60,"column":null}}},"12":{"name":"(anonymous_13)","decl":{"start":{"line":63,"column":8},"end":{"line":63,"column":9}},"loc":{"start":{"line":63,"column":20},"end":{"line":63,"column":null}}},"13":{"name":"(anonymous_14)","decl":{"start":{"line":64,"column":8},"end":{"line":64,"column":9}},"loc":{"start":{"line":64,"column":19},"end":{"line":66,"column":null}}},"14":{"name":"(anonymous_15)","decl":{"start":{"line":69,"column":8},"end":{"line":69,"column":9}},"loc":{"start":{"line":69,"column":20},"end":{"line":69,"column":null}}},"15":{"name":"(anonymous_16)","decl":{"start":{"line":70,"column":8},"end":{"line":70,"column":9}},"loc":{"start":{"line":70,"column":32},"end":{"line":74,"column":null}}},"16":{"name":"(anonymous_17)","decl":{"start":{"line":81,"column":26},"end":{"line":81,"column":27}},"loc":{"start":{"line":81,"column":51},"end":{"line":81,"column":null}}},"17":{"name":"(anonymous_18)","decl":{"start":{"line":85,"column":38},"end":{"line":85,"column":44}},"loc":{"start":{"line":85,"column":44},"end":{"line":90,"column":null}}},"18":{"name":"(anonymous_19)","decl":{"start":{"line":92,"column":36},"end":{"line":92,"column":37}},"loc":{"start":{"line":92,"column":61},"end":{"line":97,"column":null}}},"19":{"name":"(anonymous_20)","decl":{"start":{"line":99,"column":22},"end":{"line":99,"column":null}},"loc":{"start":{"line":102,"column":5},"end":{"line":121,"column":null}}},"20":{"name":"(anonymous_21)","decl":{"start":{"line":127,"column":2},"end":{"line":127,"column":9}},"loc":{"start":{"line":127,"column":44},"end":{"line":147,"column":null}}},"21":{"name":"(anonymous_22)","decl":{"start":{"line":150,"column":54},"end":{"line":150,"column":null}},"loc":{"start":{"line":151,"column":2},"end":{"line":151,"column":null}}},"22":{"name":"(anonymous_23)","decl":{"start":{"line":156,"column":2},"end":{"line":156,"column":9}},"loc":{"start":{"line":156,"column":39},"end":{"line":178,"column":null}}}},"branchMap":{"0":{"loc":{"start":{"line":103,"column":2},"end":{"line":110,"column":3}},"type":"if","locations":[{"start":{"line":103,"column":2},"end":{"line":110,"column":3}}]},"1":{"loc":{"start":{"line":103,"column":6},"end":{"line":103,"column":25}},"type":"binary-expr","locations":[{"start":{"line":103,"column":6},"end":{"line":103,"column":13}},{"start":{"line":103,"column":13},"end":{"line":103,"column":25}}]},"2":{"loc":{"start":{"line":111,"column":2},"end":{"line":119,"column":3}},"type":"if","locations":[{"start":{"line":111,"column":2},"end":{"line":119,"column":3}}]},"3":{"loc":{"start":{"line":134,"column":6},"end":{"line":137,"column":7}},"type":"if","locations":[{"start":{"line":134,"column":6},"end":{"line":137,"column":7}}]},"4":{"loc":{"start":{"line":134,"column":10},"end":{"line":134,"column":59}},"type":"binary-expr","locations":[{"start":{"line":134,"column":10},"end":{"line":134,"column":35}},{"start":{"line":134,"column":35},"end":{"line":134,"column":59}}]},"5":{"loc":{"start":{"line":139,"column":22},"end":{"line":139,"column":54}},"type":"cond-expr","locations":[{"start":{"line":139,"column":28},"end":{"line":139,"column":50}},{"start":{"line":139,"column":50},"end":{"line":139,"column":54}}]},"6":{"loc":{"start":{"line":168,"column":6},"end":{"line":170,"column":7}},"type":"if","locations":[{"start":{"line":168,"column":6},"end":{"line":170,"column":7}}]},"7":{"loc":{"start":{"line":168,"column":10},"end":{"line":168,"column":59}},"type":"binary-expr","locations":[{"start":{"line":168,"column":10},"end":{"line":168,"column":35}},{"start":{"line":168,"column":35},"end":{"line":168,"column":59}}]}},"s":{"0":0,"1":1,"2":0,"3":0,"4":20,"5":3,"6":1,"7":0,"8":1,"9":1,"10":1,"11":1,"12":1,"13":1,"14":20,"15":0,"16":0,"17":0,"18":0,"19":0,"20":0,"21":20,"22":4,"23":20,"24":3,"25":3,"26":3,"27":1,"28":1,"29":20,"30":1,"31":1,"32":4,"33":4,"34":4,"35":4,"36":1,"37":0,"38":0,"39":0,"40":0,"41":1,"42":3,"43":0,"44":3,"45":0,"46":3,"47":1,"48":3,"49":3,"50":3,"51":0,"52":0,"53":0,"54":0,"55":0,"56":0,"57":0,"58":3,"59":3,"60":1,"61":1,"62":1,"63":0,"64":0,"65":0,"66":0,"67":0,"68":0,"69":0,"70":0},"f":{"0":0,"1":1,"2":0,"3":0,"4":20,"5":3,"6":1,"7":0,"8":1,"9":1,"10":20,"11":0,"12":20,"13":4,"14":20,"15":3,"16":20,"17":4,"18":0,"19":3,"20":3,"21":1,"22":0},"b":{"0":[0],"1":[3,0],"2":[0],"3":[0],"4":[0,0],"5":[0,0],"6":[0],"7":[0,0]}}
,"/Users/macbook/Projects/cv_my/ui/styles/themes.ts": {"path":"/Users/macbook/Projects/cv_my/ui/styles/themes.ts","statementMap":{"0":{"start":{"line":59,"column":13},"end":{"line":59,"column":19}},"1":{"start":{"line":62,"column":13},"end":{"line":62,"column":23}},"2":{"start":{"line":177,"column":13},"end":{"line":177,"column":22}},"3":{"start":{"line":2,"column":28},"end":{"line":2,"column":null}},"4":{"start":{"line":6,"column":13},"end":{"line":30,"column":null}},"5":{"start":{"line":32,"column":24},"end":{"line":57,"column":null}},"6":{"start":{"line":59,"column":48},"end":{"line":59,"column":null}},"7":{"start":{"line":62,"column":26},"end":{"line":175,"column":null}},"8":{"start":{"line":177,"column":25},"end":{"line":290,"column":null}}},"fnMap":{"0":{"name":"(anonymous_1)","decl":{"start":{"line":59,"column":19},"end":{"line":59,"column":48}},"loc":{"start":{"line":59,"column":13},"end":{"line":59,"column":19}}},"1":{"name":"(anonymous_2)","decl":{"start":{"line":62,"column":23},"end":{"line":62,"column":26}},"loc":{"start":{"line":62,"column":13},"end":{"line":62,"column":23}}},"2":{"name":"(anonymous_3)","decl":{"start":{"line":177,"column":22},"end":{"line":177,"column":25}},"loc":{"start":{"line":177,"column":13},"end":{"line":177,"column":22}}}},"branchMap":{},"s":{"0":10,"1":7,"2":3,"3":1,"4":1,"5":1,"6":1,"7":1,"8":1},"f":{"0":10,"1":7,"2":3},"b":{}}
,"/Users/macbook/Projects/cv_my/ui/styles/style-guide/Colors.tsx": {"path":"/Users/macbook/Projects/cv_my/ui/styles/style-guide/Colors.tsx","statementMap":{"0":{"start":{"line":2,"column":13},"end":{"line":2,"column":32}},"1":{"start":{"line":2,"column":32},"end":{"line":25,"column":null}}},"fnMap":{"0":{"name":"(anonymous_0)","decl":{"start":{"line":2,"column":13},"end":{"line":2,"column":32}},"loc":{"start":{"line":2,"column":13},"end":{"line":2,"column":32}}}},"branchMap":{},"s":{"0":1,"1":1},"f":{"0":1},"b":{}}
,"/Users/macbook/Projects/cv_my/ui/styles/style-guide/Fount.tsx": {"path":"/Users/macbook/Projects/cv_my/ui/styles/style-guide/Fount.tsx","statementMap":{"0":{"start":{"line":1,"column":13},"end":{"line":1,"column":39}},"1":{"start":{"line":1,"column":39},"end":{"line":106,"column":null}}},"fnMap":{"0":{"name":"(anonymous_0)","decl":{"start":{"line":1,"column":13},"end":{"line":1,"column":39}},"loc":{"start":{"line":1,"column":13},"end":{"line":1,"column":39}}}},"branchMap":{},"s":{"0":1,"1":1},"f":{"0":1},"b":{}}
,"/Users/macbook/Projects/cv_my/ui/styles/style-guide/index.tsx": {"path":"/Users/macbook/Projects/cv_my/ui/styles/style-guide/index.tsx","statementMap":{"0":{"start":{"line":14,"column":0},"end":{"line":14,"column":15}},"1":{"start":{"line":1,"column":32},"end":{"line":1,"column":null}},"2":{"start":{"line":2,"column":40},"end":{"line":2,"column":null}},"3":{"start":{"line":9,"column":33},"end":{"line":12,"column":null}},"4":{"start":{"line":14,"column":15},"end":{"line":14,"column":null}}},"fnMap":{"0":{"name":"(anonymous_0)","decl":{"start":{"line":14,"column":0},"end":{"line":14,"column":15}},"loc":{"start":{"line":14,"column":0},"end":{"line":14,"column":15}}}},"branchMap":{},"s":{"0":5,"1":1,"2":1,"3":1,"4":1},"f":{"0":5},"b":{}}
}
