TN:
SF:store.ts
FN:7,(anonymous_1)
FN:13,(anonymous_2)
FNF:2
FNH:1
FNDA:3,(anonymous_1)
FNDA:0,(anonymous_2)
DA:1,1
DA:3,1
DA:4,1
DA:5,1
DA:7,3
DA:13,1
LF:6
LH:6
BRF:0
BRH:0
end_of_record
TN:
SF:test-utils.tsx
FN:45,(anonymous_1)
FN:45,(anonymous_2)
FN:13,(anonymous_6)
FN:27,(anonymous_8)
FNF:4
FNH:2
FNDA:0,(anonymous_1)
FNDA:3,(anonymous_2)
FNDA:0,(anonymous_6)
FNDA:3,(anonymous_8)
DA:2,1
DA:3,1
DA:4,1
DA:5,1
DA:7,1
DA:8,1
DA:9,1
DA:13,1
DA:17,0
DA:24,0
DA:27,1
DA:31,3
DA:38,3
DA:45,3
LF:14
LH:12
BRDA:15,0,0,0
BRDA:29,1,0,0
BRF:2
BRH:0
end_of_record
TN:
SF:api/apiServices.ts
FN:46,(anonymous_0)
FN:33,(anonymous_2)
FN:40,(anonymous_3)
FN:41,(anonymous_4)
FN:47,(anonymous_5)
FN:53,(anonymous_6)
FN:60,(anonymous_7)
FN:66,(anonymous_8)
FN:71,(anonymous_9)
FN:80,(anonymous_10)
FN:89,(anonymous_11)
FN:98,(anonymous_12)
FN:150,(anonymous_13)
FN:189,(anonymous_14)
FNF:14
FNH:0
FNDA:0,(anonymous_0)
FNDA:0,(anonymous_2)
FNDA:0,(anonymous_3)
FNDA:0,(anonymous_4)
FNDA:0,(anonymous_5)
FNDA:0,(anonymous_6)
FNDA:0,(anonymous_7)
FNDA:0,(anonymous_8)
FNDA:0,(anonymous_9)
FNDA:0,(anonymous_10)
FNDA:0,(anonymous_11)
FNDA:0,(anonymous_12)
FNDA:0,(anonymous_13)
FNDA:0,(anonymous_14)
DA:14,1
DA:23,1
DA:24,1
DA:25,1
DA:33,1
DA:38,0
DA:41,0
DA:46,0
DA:48,0
DA:54,0
DA:61,0
DA:67,0
DA:72,0
DA:73,0
DA:81,0
DA:90,0
DA:100,0
DA:130,0
DA:139,0
DA:140,0
DA:142,0
DA:144,0
DA:152,0
DA:170,0
DA:179,0
DA:180,0
DA:182,0
DA:184,0
DA:195,0
DA:198,0
DA:200,0
DA:205,0
DA:206,0
DA:209,0
DA:219,0
DA:220,0
DA:221,0
DA:223,0
DA:224,0
LF:39
LH:5
BRDA:139,0,0,0
BRDA:139,0,1,0
BRDA:140,1,0,0
BRDA:140,1,1,0
BRDA:179,2,0,0
BRDA:179,2,1,0
BRDA:180,3,0,0
BRDA:180,3,1,0
BRDA:195,4,0,0
BRDA:195,4,1,0
BRDA:198,5,0,0
BRDA:198,5,1,0
BRDA:205,6,0,0
BRDA:219,7,0,0
BRDA:219,7,1,0
BRF:15
BRH:0
end_of_record
TN:
SF:components/ImageLoader.ts
FN:3,(anonymous_0)
FN:3,(anonymous_1)
FNF:2
FNH:0
FNDA:0,(anonymous_0)
FNDA:0,(anonymous_1)
DA:3,1
DA:4,0
LF:2
LH:1
BRF:0
BRH:0
end_of_record
TN:
SF:components/styles.ts
FN:5,(anonymous_1)
FN:17,(anonymous_2)
FN:21,(anonymous_3)
FN:5,(anonymous_4)
FN:21,(anonymous_5)
FNF:5
FNH:5
FNDA:128,(anonymous_1)
FNDA:2,(anonymous_2)
FNDA:2,(anonymous_3)
FNDA:128,(anonymous_4)
FNDA:2,(anonymous_5)
DA:1,1
DA:5,128
DA:10,128
DA:11,128
DA:17,2
DA:21,2
DA:22,2
LF:7
LH:7
BRDA:8,0,0,64
BRDA:10,1,0,64
BRDA:10,1,1,64
BRF:3
BRH:3
end_of_record
TN:
SF:components/Button/Button.tsx
FN:19,(anonymous_1)
FN:45,(anonymous_2)
FN:76,(anonymous_3)
FN:80,(anonymous_4)
FN:84,(anonymous_5)
FN:88,(anonymous_6)
FN:19,(anonymous_8)
FN:57,(anonymous_9)
FN:62,(anonymous_10)
FN:65,(anonymous_11)
FNF:10
FNH:0
FNDA:0,(anonymous_1)
FNDA:0,(anonymous_2)
FNDA:0,(anonymous_3)
FNDA:0,(anonymous_4)
FNDA:0,(anonymous_5)
FNDA:0,(anonymous_6)
FNDA:0,(anonymous_8)
FNDA:0,(anonymous_9)
FNDA:0,(anonymous_10)
FNDA:0,(anonymous_11)
DA:2,1
DA:3,1
DA:6,1
DA:19,1
DA:20,0
DA:22,0
DA:26,0
DA:31,0
DA:36,0
DA:41,0
DA:45,1
DA:57,0
DA:63,0
DA:66,0
DA:70,1
DA:76,0
DA:80,0
DA:84,0
DA:88,0
LF:19
LH:6
BRDA:20,0,0,0
BRDA:20,0,1,0
BRDA:20,0,2,0
BRDA:20,0,3,0
BRDA:20,0,4,0
BRF:5
BRH:0
end_of_record
TN:
SF:components/Button/index.ts
FN:2,(anonymous_1)
FN:3,(anonymous_2)
FN:4,(anonymous_3)
FN:5,(anonymous_4)
FN:6,(anonymous_5)
FNF:5
FNH:0
FNDA:0,(anonymous_1)
FNDA:0,(anonymous_2)
FNDA:0,(anonymous_3)
FNDA:0,(anonymous_4)
FNDA:0,(anonymous_5)
DA:2,0
DA:3,0
DA:4,0
DA:5,0
DA:6,0
DA:7,1
LF:6
LH:1
BRF:0
BRH:0
end_of_record
TN:
SF:components/Icon/Icon.tsx
FN:17,(anonymous_0)
FN:17,(anonymous_2)
FN:19,(anonymous_3)
FNF:3
FNH:3
FNDA:55,(anonymous_0)
FNDA:64,(anonymous_2)
FNDA:64,(anonymous_3)
DA:2,1
DA:4,1
DA:17,55
DA:18,64
DA:19,64
DA:21,64
DA:22,64
LF:7
LH:7
BRDA:17,0,0,10
BRF:1
BRH:1
end_of_record
TN:
SF:components/Icon/Icons.tsx
FN:359,(anonymous_0)
FNF:1
FNH:1
FNDA:64,(anonymous_0)
DA:359,64
LF:1
LH:1
BRF:0
BRH:0
end_of_record
TN:
SF:components/Icon/index.ts
FN:1,(anonymous_0)
FNF:1
FNH:1
FNDA:55,(anonymous_0)
DA:1,55
LF:1
LH:1
BRF:0
BRH:0
end_of_record
TN:
SF:components/IconButton/IconButton.tsx
FN:44,(anonymous_0)
FN:18,(anonymous_2)
FN:26,(anonymous_3)
FN:30,(anonymous_4)
FNF:4
FNH:4
FNDA:50,(anonymous_0)
FNDA:54,(anonymous_2)
FNDA:54,(anonymous_3)
FNDA:54,(anonymous_4)
DA:1,1
DA:2,1
DA:3,1
DA:5,1
DA:6,1
DA:10,1
DA:18,54
DA:27,54
DA:31,54
DA:44,50
DA:57,1
LF:11
LH:11
BRDA:48,0,0,54
BRDA:48,0,1,0
BRF:2
BRH:1
end_of_record
TN:
SF:components/IconButton/index.ts
FN:1,(anonymous_0)
FNF:1
FNH:1
FNDA:50,(anonymous_0)
DA:1,50
LF:1
LH:1
BRF:0
BRH:0
end_of_record
TN:
SF:components/Input/Input.tsx
FN:111,(anonymous_0)
FN:33,(anonymous_2)
FN:44,(anonymous_3)
FN:45,(anonymous_4)
FN:46,(anonymous_5)
FN:66,(anonymous_6)
FN:67,(anonymous_7)
FN:70,(anonymous_8)
FN:73,(anonymous_9)
FN:76,(anonymous_10)
FN:85,(anonymous_11)
FNF:11
FNH:11
FNDA:1,(anonymous_0)
FNDA:10,(anonymous_2)
FNDA:10,(anonymous_3)
FNDA:10,(anonymous_4)
FNDA:10,(anonymous_5)
FNDA:10,(anonymous_6)
FNDA:10,(anonymous_7)
FNDA:10,(anonymous_8)
FNDA:10,(anonymous_9)
FNDA:10,(anonymous_10)
FNDA:10,(anonymous_11)
DA:8,1
DA:10,1
DA:12,1
DA:13,1
DA:26,1
DA:34,10
DA:35,0
DA:36,10
DA:37,0
DA:38,10
DA:39,0
DA:41,10
DA:44,10
DA:45,10
DA:46,10
DA:50,1
DA:59,1
DA:66,10
DA:68,10
DA:70,10
DA:74,10
DA:76,10
DA:82,1
DA:85,10
DA:89,1
DA:94,1
DA:111,1
DA:134,1
LF:28
LH:25
BRDA:34,0,0,0
BRDA:34,0,1,10
BRDA:34,1,0,10
BRDA:34,1,1,0
BRDA:36,2,0,0
BRDA:36,2,1,10
BRDA:38,3,0,0
BRDA:38,3,1,10
BRDA:114,4,0,10
BRDA:114,5,0,10
BRDA:127,6,0,10
BRF:11
BRH:7
end_of_record
TN:
SF:components/Input/index.ts
FN:1,(anonymous_1)
FN:2,(anonymous_2)
FN:2,(anonymous_3)
FNF:3
FNH:1
FNDA:1,(anonymous_1)
FNDA:0,(anonymous_2)
FNDA:0,(anonymous_3)
DA:1,1
DA:2,1
LF:2
LH:2
BRF:0
BRH:0
end_of_record
TN:
SF:components/Input/Feedback/Feedback.tsx
FN:9,(anonymous_1)
FN:14,(anonymous_2)
FN:10,(anonymous_4)
FN:14,(anonymous_5)
FNF:4
FNH:0
FNDA:0,(anonymous_1)
FNDA:0,(anonymous_2)
FNDA:0,(anonymous_4)
FNDA:0,(anonymous_5)
DA:3,1
DA:9,1
DA:11,0
DA:14,1
DA:15,0
LF:5
LH:3
BRDA:11,0,0,0
BRDA:11,0,1,0
BRDA:15,1,0,0
BRDA:15,1,1,0
BRF:4
BRH:0
end_of_record
TN:
SF:components/Input/Feedback/index.ts
FN:1,(anonymous_1)
FN:1,(anonymous_2)
FNF:2
FNH:0
FNDA:0,(anonymous_1)
FNDA:0,(anonymous_2)
DA:1,1
LF:1
LH:1
BRF:0
BRH:0
end_of_record
TN:
SF:components/Layout/Layout.tsx
FN:30,(anonymous_0)
FN:30,(anonymous_2)
FN:42,(anonymous_3)
FN:46,(anonymous_4)
FN:51,(anonymous_5)
FN:63,(anonymous_6)
FN:77,(anonymous_7)
FN:81,(anonymous_8)
FN:90,(anonymous_9)
FN:132,(anonymous_10)
FN:157,(anonymous_11)
FN:158,(anonymous_12)
FN:159,(anonymous_13)
FNF:13
FNH:5
FNDA:3,(anonymous_0)
FNDA:10,(anonymous_2)
FNDA:17,(anonymous_3)
FNDA:0,(anonymous_4)
FNDA:3,(anonymous_5)
FNDA:0,(anonymous_6)
FNDA:0,(anonymous_7)
FNDA:0,(anonymous_8)
FNDA:3,(anonymous_9)
FNDA:0,(anonymous_10)
FNDA:0,(anonymous_11)
FNDA:0,(anonymous_12)
FNDA:0,(anonymous_13)
DA:1,1
DA:2,1
DA:3,1
DA:4,1
DA:5,1
DA:8,1
DA:9,1
DA:11,1
DA:12,1
DA:22,1
DA:24,1
DA:25,1
DA:28,1
DA:30,3
DA:31,10
DA:32,10
DA:33,10
DA:35,10
DA:39,10
DA:40,10
DA:42,10
DA:43,17
DA:46,10
DA:47,0
DA:48,0
DA:51,10
DA:52,3
DA:53,3
DA:54,3
DA:56,3
DA:63,10
DA:64,0
DA:65,0
DA:66,0
DA:67,0
DA:72,0
DA:73,0
DA:77,10
DA:78,0
DA:81,10
DA:82,0
DA:90,10
DA:91,3
DA:92,3
DA:93,0
DA:97,10
DA:132,0
DA:157,0
DA:158,0
DA:159,0
LF:50
LH:35
BRDA:28,0,0,1
BRDA:28,0,1,0
BRDA:47,1,0,0
BRDA:47,1,1,0
BRDA:57,2,0,0
BRDA:57,2,1,3
BRDA:66,3,0,0
BRDA:72,4,0,0
BRDA:91,5,0,3
BRDA:91,5,1,0
BRDA:92,6,0,0
BRDA:92,7,0,3
BRDA:92,7,1,0
BRDA:97,8,0,3
BRDA:97,8,1,7
BRDA:101,9,0,3
BRDA:101,9,1,7
BRDA:114,10,0,6
BRDA:114,10,1,4
BRDA:116,11,0,6
BRDA:116,11,1,4
BRDA:120,12,0,7
BRDA:120,12,1,3
BRDA:134,13,0,10
BRF:24
BRH:15
end_of_record
TN:
SF:components/Layout/components.ts
FN:7,(anonymous_1)
FN:48,(anonymous_2)
FN:52,(anonymous_3)
FN:74,(anonymous_4)
FN:93,(anonymous_5)
FN:106,(anonymous_6)
FN:114,(anonymous_7)
FN:120,(anonymous_8)
FN:10,(anonymous_10)
FN:11,(anonymous_11)
FNF:10
FNH:8
FNDA:10,(anonymous_1)
FNDA:10,(anonymous_2)
FNDA:0,(anonymous_3)
FNDA:10,(anonymous_4)
FNDA:10,(anonymous_5)
FNDA:10,(anonymous_6)
FNDA:10,(anonymous_7)
FNDA:0,(anonymous_8)
FNDA:10,(anonymous_10)
FNDA:10,(anonymous_11)
DA:1,1
DA:3,1
DA:4,1
DA:5,1
DA:7,10
DA:10,10
DA:11,10
DA:48,10
DA:52,1
DA:74,10
DA:93,10
DA:106,10
DA:114,10
DA:120,1
LF:14
LH:14
BRF:0
BRH:0
end_of_record
TN:
SF:components/Layout/index.ts
FN:1,(anonymous_0)
FNF:1
FNH:1
FNDA:3,(anonymous_0)
DA:1,3
LF:1
LH:1
BRF:0
BRH:0
end_of_record
TN:
SF:components/Logo/Logo.tsx
FN:9,(anonymous_0)
FN:11,(anonymous_2)
FN:12,(anonymous_3)
FNF:3
FNH:3
FNDA:1,(anonymous_0)
FNDA:10,(anonymous_2)
FNDA:10,(anonymous_3)
DA:1,1
DA:2,1
DA:9,1
DA:11,10
DA:13,10
LF:5
LH:5
BRDA:11,0,0,0
BRDA:12,1,0,0
BRF:2
BRH:0
end_of_record
TN:
SF:components/Logo/index.ts
FN:1,(anonymous_0)
FNF:1
FNH:1
FNDA:1,(anonymous_0)
DA:1,1
LF:1
LH:1
BRF:0
BRH:0
end_of_record
TN:
SF:components/StyledLink/StyledLink.tsx
FN:7,(anonymous_0)
FN:10,(anonymous_2)
FN:11,(anonymous_3)
FNF:3
FNH:3
FNDA:1,(anonymous_0)
FNDA:12,(anonymous_2)
FNDA:12,(anonymous_3)
DA:1,1
DA:7,1
DA:10,12
DA:11,12
LF:4
LH:4
BRDA:11,0,0,0
BRDA:11,0,1,12
BRF:2
BRH:1
end_of_record
TN:
SF:components/StyledLink/index.ts
FN:1,(anonymous_0)
FNF:1
FNH:1
FNDA:1,(anonymous_0)
DA:1,1
LF:1
LH:1
BRF:0
BRH:0
end_of_record
TN:
SF:components/Tile/CenteredTile.tsx
FN:33,(anonymous_0)
FNF:1
FNH:0
FNDA:0,(anonymous_0)
DA:2,1
DA:3,1
DA:5,1
DA:7,1
DA:13,1
DA:21,1
DA:33,0
LF:7
LH:6
BRF:0
BRH:0
end_of_record
TN:
SF:components/Tile/Tile.tsx
FN:20,(anonymous_0)
FN:9,(anonymous_2)
FN:10,(anonymous_3)
FN:11,(anonymous_4)
FNF:4
FNH:1
FNDA:1,(anonymous_0)
FNDA:0,(anonymous_2)
FNDA:0,(anonymous_3)
FNDA:0,(anonymous_4)
DA:2,1
DA:4,1
DA:6,1
DA:9,0
DA:10,0
DA:12,0
DA:20,1
LF:7
LH:4
BRF:0
BRH:0
end_of_record
TN:
SF:components/Tile/index.ts
FN:1,(anonymous_1)
FN:2,(anonymous_2)
FNF:2
FNH:0
FNDA:0,(anonymous_1)
FNDA:0,(anonymous_2)
DA:1,1
DA:2,1
LF:2
LH:2
BRF:0
BRH:0
end_of_record
TN:
SF:components/footer/FooterDeskstop.tsx
FN:105,(anonymous_0)
FN:14,(anonymous_2)
FN:15,(anonymous_3)
FN:66,(anonymous_4)
FNF:4
FNH:3
FNDA:10,(anonymous_0)
FNDA:10,(anonymous_2)
FNDA:17,(anonymous_3)
FNDA:0,(anonymous_4)
DA:1,1
DA:2,1
DA:5,1
DA:6,1
DA:8,1
DA:9,1
DA:10,1
DA:11,1
DA:12,1
DA:14,1
DA:15,10
DA:16,17
DA:17,17
DA:20,10
DA:28,0
DA:47,0
DA:67,0
DA:105,10
LF:18
LH:15
BRDA:16,0,0,17
BRDA:16,0,1,0
BRDA:20,1,0,10
BRDA:31,2,0,0
BRDA:31,2,1,0
BRDA:39,3,0,0
BRDA:39,3,1,0
BRDA:56,4,0,0
BRDA:56,4,1,0
BRDA:61,5,0,0
BRDA:61,5,1,0
BRF:11
BRH:2
end_of_record
TN:
SF:components/footer/FooterMobile.tsx
FN:89,(anonymous_0)
FN:23,(anonymous_2)
FN:31,(anonymous_3)
FN:52,(anonymous_4)
FN:66,(anonymous_5)
FN:74,(anonymous_6)
FNF:6
FNH:3
FNDA:10,(anonymous_0)
FNDA:10,(anonymous_2)
FNDA:17,(anonymous_3)
FNDA:0,(anonymous_4)
FNDA:0,(anonymous_5)
FNDA:0,(anonymous_6)
DA:1,1
DA:4,1
DA:6,1
DA:7,1
DA:8,1
DA:9,1
DA:12,1
DA:23,1
DA:31,10
DA:32,17
DA:33,17
DA:35,10
DA:52,0
DA:66,0
DA:74,0
DA:89,10
LF:16
LH:13
BRDA:32,0,0,17
BRDA:32,0,1,0
BRDA:35,1,0,10
BRDA:43,2,0,0
BRDA:43,2,1,0
BRDA:45,3,0,0
BRDA:45,3,1,0
BRDA:50,4,0,0
BRDA:50,4,1,0
BRDA:76,5,0,0
BRF:10
BRH:2
end_of_record
TN:
SF:components/footer/styles.tsx
FN:6,(anonymous_1)
FN:36,(anonymous_2)
FN:112,(anonymous_3)
FN:171,(anonymous_4)
FN:18,(anonymous_6)
FN:19,(anonymous_7)
FN:20,(anonymous_8)
FN:40,(anonymous_9)
FN:41,(anonymous_10)
FN:42,(anonymous_11)
FN:50,(anonymous_12)
FN:51,(anonymous_13)
FNF:12
FNH:0
FNDA:0,(anonymous_1)
FNDA:0,(anonymous_2)
FNDA:0,(anonymous_3)
FNDA:0,(anonymous_4)
FNDA:0,(anonymous_6)
FNDA:0,(anonymous_7)
FNDA:0,(anonymous_8)
FNDA:0,(anonymous_9)
FNDA:0,(anonymous_10)
FNDA:0,(anonymous_11)
FNDA:0,(anonymous_12)
FNDA:0,(anonymous_13)
DA:1,1
DA:2,1
DA:4,1
DA:6,1
DA:18,0
DA:19,0
DA:21,0
DA:36,1
DA:40,0
DA:41,0
DA:43,0
DA:50,0
DA:51,0
DA:112,1
DA:171,1
LF:15
LH:7
BRF:0
BRH:0
end_of_record
TN:
SF:mocks/handlers.ts
FN:9,(anonymous_0)
FN:10,(anonymous_1)
FN:23,(anonymous_2)
FN:33,(anonymous_3)
FNF:4
FNH:1
FNDA:1,(anonymous_0)
FNDA:0,(anonymous_1)
FNDA:0,(anonymous_2)
FNDA:0,(anonymous_3)
DA:1,1
DA:5,1
DA:7,1
DA:9,1
DA:11,0
DA:13,0
DA:17,0
DA:20,0
DA:24,0
DA:25,0
DA:28,0
DA:34,0
DA:36,0
DA:41,0
DA:44,0
LF:15
LH:4
BRDA:13,0,0,0
BRDA:14,1,0,0
BRDA:14,1,1,0
BRDA:24,2,0,0
BRDA:36,3,0,0
BRDA:37,4,0,0
BRDA:37,4,1,0
BRDA:37,4,2,0
BRF:8
BRH:0
end_of_record
TN:
SF:mocks/server.ts
FN:7,(anonymous_0)
FNF:1
FNH:1
FNDA:5,(anonymous_0)
DA:1,1
DA:3,1
DA:7,5
LF:3
LH:3
BRF:0
BRH:0
end_of_record
TN:
SF:mocks/user.ts
FN:1,(anonymous_1)
FN:17,(anonymous_2)
FN:26,(anonymous_3)
FNF:3
FNH:1
FNDA:3,(anonymous_1)
FNDA:0,(anonymous_2)
FNDA:0,(anonymous_3)
DA:1,3
DA:17,1
DA:26,1
LF:3
LH:3
BRF:0
BRH:0
end_of_record
TN:
SF:pages/user/index.tsx
FN:18,(anonymous_1)
FN:106,(anonymous_2)
FN:18,(anonymous_3)
FN:48,(anonymous_4)
FN:57,(anonymous_5)
FN:68,(anonymous_6)
FN:75,(anonymous_7)
FN:87,(anonymous_8)
FNF:8
FNH:4
FNDA:0,(anonymous_1)
FNDA:3,(anonymous_2)
FNDA:0,(anonymous_3)
FNDA:10,(anonymous_4)
FNDA:3,(anonymous_5)
FNDA:3,(anonymous_6)
FNDA:0,(anonymous_7)
FNDA:0,(anonymous_8)
DA:1,1
DA:2,1
DA:3,1
DA:6,1
DA:8,1
DA:9,1
DA:13,1
DA:14,1
DA:18,1
DA:19,0
DA:21,0
DA:22,0
DA:23,0
DA:29,0
DA:31,0
DA:33,0
DA:34,0
DA:41,0
DA:48,1
DA:52,10
DA:53,10
DA:54,10
DA:55,10
DA:57,10
DA:58,3
DA:59,3
DA:62,10
DA:66,10
DA:68,10
DA:69,3
DA:70,1
DA:71,1
DA:75,10
DA:76,0
DA:77,0
DA:80,10
DA:88,0
DA:106,3
LF:38
LH:26
BRDA:21,0,0,0
BRDA:21,0,1,0
BRDA:22,1,0,0
BRDA:33,2,0,0
BRDA:33,3,0,0
BRDA:33,3,1,0
BRDA:33,3,2,0
BRDA:69,4,0,1
BRDA:69,5,0,3
BRDA:69,5,1,2
BRDA:80,6,0,0
BRDA:80,6,1,10
BRDA:80,7,0,10
BRDA:80,7,1,6
BRDA:80,7,2,0
BRF:15
BRH:6
end_of_record
TN:
SF:services/aboutSlice.ts
FN:38,(anonymous_1)
FN:43,(anonymous_2)
FN:58,(anonymous_3)
FN:58,(anonymous_4)
FN:60,(anonymous_5)
FN:47,(anonymous_6)
FN:51,(anonymous_7)
FN:52,(anonymous_8)
FNF:8
FNH:1
FNDA:0,(anonymous_1)
FNDA:1,(anonymous_2)
FNDA:0,(anonymous_3)
FNDA:0,(anonymous_4)
FNDA:0,(anonymous_5)
FNDA:0,(anonymous_6)
FNDA:0,(anonymous_7)
FNDA:0,(anonymous_8)
DA:6,1
DA:38,1
DA:43,1
DA:48,0
DA:49,0
DA:52,0
DA:58,1
DA:60,1
LF:8
LH:5
BRF:0
BRH:0
end_of_record
TN:
SF:services/cartSlice.ts
FN:38,(anonymous_1)
FN:43,(anonymous_2)
FN:68,(anonymous_3)
FN:68,(anonymous_4)
FN:68,(anonymous_5)
FN:68,(anonymous_6)
FN:70,(anonymous_7)
FN:47,(anonymous_8)
FN:51,(anonymous_9)
FN:52,(anonymous_10)
FN:54,(anonymous_11)
FN:58,(anonymous_12)
FN:59,(anonymous_13)
FN:74,(anonymous_14)
FN:80,(anonymous_15)
FNF:15
FNH:1
FNDA:0,(anonymous_1)
FNDA:1,(anonymous_2)
FNDA:0,(anonymous_3)
FNDA:0,(anonymous_4)
FNDA:0,(anonymous_5)
FNDA:0,(anonymous_6)
FNDA:0,(anonymous_7)
FNDA:0,(anonymous_8)
FNDA:0,(anonymous_9)
FNDA:0,(anonymous_10)
FNDA:0,(anonymous_11)
FNDA:0,(anonymous_12)
FNDA:0,(anonymous_13)
FNDA:0,(anonymous_14)
FNDA:0,(anonymous_15)
DA:6,1
DA:38,1
DA:43,1
DA:48,0
DA:49,0
DA:52,0
DA:55,0
DA:59,0
DA:61,0
DA:68,1
DA:70,1
DA:72,1
DA:74,1
DA:75,0
DA:76,0
DA:80,1
DA:81,0
DA:82,0
DA:83,0
LF:19
LH:8
BRF:0
BRH:0
end_of_record
TN:
SF:services/userSlice.ts
FN:34,(anonymous_1)
FN:41,(anonymous_2)
FN:79,(anonymous_3)
FN:79,(anonymous_4)
FN:81,(anonymous_5)
FN:125,(anonymous_6)
FN:150,(anonymous_7)
FN:154,(anonymous_8)
FN:45,(anonymous_9)
FN:47,(anonymous_10)
FN:52,(anonymous_11)
FN:53,(anonymous_12)
FN:63,(anonymous_13)
FN:64,(anonymous_14)
FN:69,(anonymous_15)
FN:70,(anonymous_16)
FN:81,(anonymous_17)
FN:85,(anonymous_18)
FN:92,(anonymous_19)
FN:99,(anonymous_20)
FN:127,(anonymous_21)
FN:150,(anonymous_22)
FN:156,(anonymous_23)
FNF:23
FNH:16
FNDA:0,(anonymous_1)
FNDA:1,(anonymous_2)
FNDA:0,(anonymous_3)
FNDA:0,(anonymous_4)
FNDA:20,(anonymous_5)
FNDA:3,(anonymous_6)
FNDA:1,(anonymous_7)
FNDA:0,(anonymous_8)
FNDA:1,(anonymous_9)
FNDA:1,(anonymous_10)
FNDA:20,(anonymous_11)
FNDA:0,(anonymous_12)
FNDA:20,(anonymous_13)
FNDA:4,(anonymous_14)
FNDA:20,(anonymous_15)
FNDA:3,(anonymous_16)
FNDA:20,(anonymous_17)
FNDA:4,(anonymous_18)
FNDA:0,(anonymous_19)
FNDA:3,(anonymous_20)
FNDA:3,(anonymous_21)
FNDA:1,(anonymous_22)
FNDA:0,(anonymous_23)
DA:6,1
DA:34,1
DA:41,1
DA:47,1
DA:50,1
DA:52,20
DA:54,0
DA:55,0
DA:56,0
DA:57,0
DA:58,0
DA:59,0
DA:63,20
DA:65,4
DA:69,20
DA:71,3
DA:72,3
DA:73,3
DA:79,1
DA:81,20
DA:83,1
DA:85,1
DA:86,4
DA:87,4
DA:88,4
DA:89,4
DA:92,1
DA:93,0
DA:94,0
DA:95,0
DA:96,0
DA:99,1
DA:103,3
DA:104,0
DA:111,3
DA:112,0
DA:120,3
DA:125,3
DA:128,3
DA:129,3
DA:130,3
DA:132,0
DA:134,0
DA:135,0
DA:136,0
DA:139,0
DA:141,0
DA:142,0
DA:144,3
DA:145,3
DA:150,1
DA:151,1
DA:154,1
DA:157,0
DA:158,0
DA:166,0
DA:168,0
DA:169,0
DA:172,0
DA:174,0
DA:176,0
LF:61
LH:34
BRDA:103,0,0,0
BRDA:103,1,0,3
BRDA:103,1,1,0
BRDA:111,2,0,0
BRDA:134,3,0,0
BRDA:134,4,0,0
BRDA:134,4,1,0
BRDA:139,5,0,0
BRDA:139,5,1,0
BRDA:168,6,0,0
BRDA:168,7,0,0
BRDA:168,7,1,0
BRF:12
BRH:1
end_of_record
TN:
SF:styles/themes.ts
FN:59,(anonymous_1)
FN:62,(anonymous_2)
FN:177,(anonymous_3)
FNF:3
FNH:3
FNDA:10,(anonymous_1)
FNDA:7,(anonymous_2)
FNDA:3,(anonymous_3)
DA:2,1
DA:6,1
DA:32,1
DA:59,10
DA:62,7
DA:177,3
LF:6
LH:6
BRF:0
BRH:0
end_of_record
TN:
SF:styles/style-guide/Colors.tsx
FN:2,(anonymous_0)
FNF:1
FNH:1
FNDA:1,(anonymous_0)
DA:2,1
LF:1
LH:1
BRF:0
BRH:0
end_of_record
TN:
SF:styles/style-guide/Fount.tsx
FN:1,(anonymous_0)
FNF:1
FNH:1
FNDA:1,(anonymous_0)
DA:1,1
LF:1
LH:1
BRF:0
BRH:0
end_of_record
TN:
SF:styles/style-guide/index.tsx
FN:14,(anonymous_0)
FNF:1
FNH:1
FNDA:5,(anonymous_0)
DA:1,1
DA:2,1
DA:9,1
DA:14,5
LF:4
LH:4
BRF:0
BRH:0
end_of_record
